{"/home/travis/build/npmtest/node-npmtest-jimp/test.js":{"path":"/home/travis/build/npmtest/node-npmtest-jimp/test.js","s":{"1":2,"2":2,"3":2,"4":2,"5":2,"6":2,"7":2,"8":1,"9":2,"10":2,"11":1,"12":1,"13":1,"14":1,"15":2,"16":2,"17":2,"18":2,"19":1,"20":1,"21":2,"22":2,"23":2,"24":1,"25":1,"26":1,"27":1,"28":1,"29":1,"30":1,"31":1,"32":1,"33":1,"34":1,"35":1,"36":2,"37":2,"38":1,"39":2,"40":2,"41":1,"42":2,"43":2,"44":1,"45":1,"46":1,"47":1,"48":1},"b":{"1":[2,1,1,1],"2":[1,1,1,1],"3":[1,1],"4":[1,1],"5":[1,1],"6":[1,1],"7":[1,1],"8":[1,1],"9":[1,1,1],"10":[1,1],"11":[1,1],"12":[1,1],"13":[1,1],"14":[1,1],"15":[1,1]},"f":{"1":2,"2":2,"3":2,"4":2,"5":2,"6":1,"7":1,"8":2,"9":2,"10":2,"11":1},"fnMap":{"1":{"name":"(anonymous_1)","line":12,"loc":{"start":{"line":12,"column":1},"end":{"line":12,"column":13}}},"2":{"name":"(anonymous_2)","line":19,"loc":{"start":{"line":19,"column":5},"end":{"line":19,"column":17}}},"3":{"name":"(anonymous_3)","line":23,"loc":{"start":{"line":23,"column":24},"end":{"line":23,"column":36}}},"4":{"name":"(anonymous_4)","line":61,"loc":{"start":{"line":61,"column":5},"end":{"line":61,"column":17}}},"5":{"name":"(anonymous_5)","line":82,"loc":{"start":{"line":82,"column":5},"end":{"line":82,"column":17}}},"6":{"name":"(anonymous_6)","line":102,"loc":{"start":{"line":102,"column":83},"end":{"line":105,"column":10}},"skip":true},"7":{"name":"(anonymous_7)","line":113,"loc":{"start":{"line":113,"column":77},"end":{"line":116,"column":10}},"skip":true},"8":{"name":"(anonymous_8)","line":127,"loc":{"start":{"line":127,"column":77},"end":{"line":130,"column":10}},"skip":true},"9":{"name":"(anonymous_9)","line":138,"loc":{"start":{"line":138,"column":83},"end":{"line":141,"column":10}},"skip":true},"10":{"name":"(anonymous_10)","line":149,"loc":{"start":{"line":149,"column":79},"end":{"line":152,"column":10}},"skip":true},"11":{"name":"(anonymous_11)","line":160,"loc":{"start":{"line":160,"column":75},"end":{"line":163,"column":10}},"skip":true}},"statementMap":{"1":{"start":{"line":12,"column":0},"end":{"line":175,"column":5}},"2":{"start":{"line":14,"column":4},"end":{"line":14,"column":14}},"3":{"start":{"line":19,"column":4},"end":{"line":56,"column":9}},"4":{"start":{"line":21,"column":8},"end":{"line":21,"column":19}},"5":{"start":{"line":23,"column":8},"end":{"line":35,"column":13}},"6":{"start":{"line":24,"column":12},"end":{"line":34,"column":13}},"7":{"start":{"line":25,"column":16},"end":{"line":28,"column":30}},"8":{"start":{"line":30,"column":16},"end":{"line":33,"column":27}},"9":{"start":{"line":37,"column":8},"end":{"line":39,"column":21}},"10":{"start":{"line":40,"column":8},"end":{"line":53,"column":9}},"11":{"start":{"line":43,"column":12},"end":{"line":46,"column":14}},"12":{"start":{"line":47,"column":12},"end":{"line":47,"column":18}},"13":{"start":{"line":50,"column":12},"end":{"line":51,"column":46}},"14":{"start":{"line":52,"column":12},"end":{"line":52,"column":18}},"15":{"start":{"line":55,"column":8},"end":{"line":55,"column":35}},"16":{"start":{"line":61,"column":4},"end":{"line":63,"column":9}},"17":{"start":{"line":62,"column":8},"end":{"line":62,"column":15}},"18":{"start":{"line":64,"column":4},"end":{"line":77,"column":5}},"19":{"start":{"line":70,"column":8},"end":{"line":70,"column":14}},"20":{"start":{"line":76,"column":8},"end":{"line":76,"column":14}},"21":{"start":{"line":82,"column":4},"end":{"line":84,"column":9}},"22":{"start":{"line":83,"column":8},"end":{"line":83,"column":15}},"23":{"start":{"line":85,"column":4},"end":{"line":174,"column":5}},"24":{"start":{"line":92,"column":8},"end":{"line":94,"column":63}},"25":{"start":{"line":95,"column":8},"end":{"line":95,"column":14}},"26":{"start":{"line":102,"column":8},"end":{"line":111,"column":10},"skip":true},"27":{"start":{"line":109,"column":12},"end":{"line":109,"column":55},"skip":true},"28":{"start":{"line":110,"column":12},"end":{"line":110,"column":48},"skip":true},"29":{"start":{"line":113,"column":8},"end":{"line":125,"column":10},"skip":true},"30":{"start":{"line":120,"column":12},"end":{"line":120,"column":76},"skip":true},"31":{"start":{"line":121,"column":12},"end":{"line":121,"column":73},"skip":true},"32":{"start":{"line":122,"column":12},"end":{"line":122,"column":74},"skip":true},"33":{"start":{"line":123,"column":12},"end":{"line":123,"column":25},"skip":true},"34":{"start":{"line":124,"column":12},"end":{"line":124,"column":45},"skip":true},"35":{"start":{"line":127,"column":8},"end":{"line":136,"column":10},"skip":true},"36":{"start":{"line":134,"column":12},"end":{"line":134,"column":25},"skip":true},"37":{"start":{"line":135,"column":12},"end":{"line":135,"column":45},"skip":true},"38":{"start":{"line":138,"column":8},"end":{"line":147,"column":10},"skip":true},"39":{"start":{"line":145,"column":12},"end":{"line":145,"column":25},"skip":true},"40":{"start":{"line":146,"column":12},"end":{"line":146,"column":48},"skip":true},"41":{"start":{"line":149,"column":8},"end":{"line":158,"column":10},"skip":true},"42":{"start":{"line":156,"column":12},"end":{"line":156,"column":25},"skip":true},"43":{"start":{"line":157,"column":12},"end":{"line":157,"column":46},"skip":true},"44":{"start":{"line":160,"column":8},"end":{"line":169,"column":10},"skip":true},"45":{"start":{"line":167,"column":12},"end":{"line":167,"column":94},"skip":true},"46":{"start":{"line":168,"column":12},"end":{"line":168,"column":48},"skip":true},"47":{"start":{"line":172,"column":8},"end":{"line":172,"column":35},"skip":true},"48":{"start":{"line":173,"column":8},"end":{"line":173,"column":14},"skip":true}},"branchMap":{"1":{"line":25,"type":"binary-expr","locations":[{"start":{"line":25,"column":23},"end":{"line":25,"column":62}},{"start":{"line":26,"column":20},"end":{"line":26,"column":70}},{"start":{"line":27,"column":20},"end":{"line":27,"column":71}},{"start":{"line":28,"column":20},"end":{"line":28,"column":29}}]},"2":{"line":30,"type":"binary-expr","locations":[{"start":{"line":30,"column":23},"end":{"line":30,"column":37}},{"start":{"line":31,"column":20},"end":{"line":31,"column":61}},{"start":{"line":32,"column":20},"end":{"line":32,"column":70}},{"start":{"line":33,"column":20},"end":{"line":33,"column":26}}]},"3":{"line":37,"type":"cond-expr","locations":[{"start":{"line":38,"column":14},"end":{"line":38,"column":20}},{"start":{"line":39,"column":14},"end":{"line":39,"column":20}}]},"4":{"line":40,"type":"switch","locations":[{"start":{"line":42,"column":8},"end":{"line":47,"column":18}},{"start":{"line":49,"column":8},"end":{"line":52,"column":18}}]},"5":{"line":44,"type":"binary-expr","locations":[{"start":{"line":44,"column":16},"end":{"line":44,"column":44}},{"start":{"line":44,"column":48},"end":{"line":44,"column":66}}]},"6":{"line":50,"type":"binary-expr","locations":[{"start":{"line":50,"column":21},"end":{"line":50,"column":49}},{"start":{"line":50,"column":53},"end":{"line":50,"column":72}}]},"7":{"line":64,"type":"switch","locations":[{"start":{"line":69,"column":4},"end":{"line":70,"column":14}},{"start":{"line":75,"column":4},"end":{"line":76,"column":14}}]},"8":{"line":85,"type":"switch","locations":[{"start":{"line":90,"column":4},"end":{"line":95,"column":14}},{"start":{"line":101,"column":4},"end":{"line":173,"column":14},"skip":true}]},"9":{"line":92,"type":"binary-expr","locations":[{"start":{"line":92,"column":18},"end":{"line":92,"column":32}},{"start":{"line":93,"column":12},"end":{"line":93,"column":53}},{"start":{"line":94,"column":12},"end":{"line":94,"column":61}}]},"10":{"line":102,"type":"binary-expr","locations":[{"start":{"line":102,"column":45},"end":{"line":102,"column":79},"skip":true},{"start":{"line":102,"column":83},"end":{"line":111,"column":9},"skip":true}]},"11":{"line":113,"type":"binary-expr","locations":[{"start":{"line":113,"column":42},"end":{"line":113,"column":73},"skip":true},{"start":{"line":113,"column":77},"end":{"line":125,"column":9},"skip":true}]},"12":{"line":127,"type":"binary-expr","locations":[{"start":{"line":127,"column":42},"end":{"line":127,"column":73},"skip":true},{"start":{"line":127,"column":77},"end":{"line":136,"column":9},"skip":true}]},"13":{"line":138,"type":"binary-expr","locations":[{"start":{"line":138,"column":45},"end":{"line":138,"column":79},"skip":true},{"start":{"line":138,"column":83},"end":{"line":147,"column":9},"skip":true}]},"14":{"line":149,"type":"binary-expr","locations":[{"start":{"line":149,"column":43},"end":{"line":149,"column":75},"skip":true},{"start":{"line":149,"column":79},"end":{"line":158,"column":9},"skip":true}]},"15":{"line":160,"type":"binary-expr","locations":[{"start":{"line":160,"column":41},"end":{"line":160,"column":71},"skip":true},{"start":{"line":160,"column":75},"end":{"line":169,"column":9},"skip":true}]}},"code":["/* istanbul instrument in package npmtest_jimp */","/*jslint","    bitwise: true,","    browser: true,","    maxerr: 8,","    maxlen: 96,","    node: true,","    nomen: true,","    regexp: true,","    stupid: true","*/","(function () {","    'use strict';","    var local;","","","","    // run shared js-env code - pre-init","    (function () {","        // init local","        local = {};","        // init modeJs","        local.modeJs = (function () {","            try {","                return typeof navigator.userAgent === 'string' &&","                    typeof document.querySelector('body') === 'object' &&","                    typeof XMLHttpRequest.prototype.open === 'function' &&","                    'browser';","            } catch (errorCaughtBrowser) {","                return module.exports &&","                    typeof process.versions.node === 'string' &&","                    typeof require('http').createServer === 'function' &&","                    'node';","            }","        }());","        // init global","        local.global = local.modeJs === 'browser'","            ? window","            : global;","        switch (local.modeJs) {","        // re-init local from window.local","        case 'browser':","            local = local.global.utility2.objectSetDefault(","                local.global.utility2_rollup || local.global.local,","                local.global.utility2","            );","            break;","        // re-init local from example.js","        case 'node':","            local = (local.global.utility2_rollup || require('utility2'))","                .requireExampleJsFromReadme();","            break;","        }","        // export local","        local.global.local = local;","    }());","","","","    // run shared js-env code - function","    (function () {","        return;","    }());","    switch (local.modeJs) {","","","","    // run browser js-env code - function","    case 'browser':","        break;","","","","    // run node js-env code - function","    case 'node':","        break;","    }","","","","    // run shared js-env code - post-init","    (function () {","        return;","    }());","    switch (local.modeJs) {","","","","    // run browser js-env code - post-init","    case 'browser':","        // run tests","        local.nop(local.modeTest &&","            document.querySelector('#testRunButton1') &&","            document.querySelector('#testRunButton1').click());","        break;","","","","    // run node js-env code - post-init","    /* istanbul ignore next */","    case 'node':","        local.testCase_buildApidoc_default = local.testCase_buildApidoc_default || function (","            options,","            onError","        ) {","        /*","         * this function will test buildApidoc's default handling-behavior-behavior","         */","            options = { modulePathList: module.paths };","            local.buildApidoc(options, onError);","        };","","        local.testCase_buildApp_default = local.testCase_buildApp_default || function (","            options,","            onError","        ) {","        /*","         * this function will test buildApp's default handling-behavior-behavior","         */","            local.testCase_buildReadme_default(options, local.onErrorThrow);","            local.testCase_buildLib_default(options, local.onErrorThrow);","            local.testCase_buildTest_default(options, local.onErrorThrow);","            options = [];","            local.buildApp(options, onError);","        };","","        local.testCase_buildLib_default = local.testCase_buildLib_default || function (","            options,","            onError","        ) {","        /*","         * this function will test buildLib's default handling-behavior","         */","            options = {};","            local.buildLib(options, onError);","        };","","        local.testCase_buildReadme_default = local.testCase_buildReadme_default || function (","            options,","            onError","        ) {","        /*","         * this function will test buildReadme's default handling-behavior-behavior","         */","            options = {};","            local.buildReadme(options, onError);","        };","","        local.testCase_buildTest_default = local.testCase_buildTest_default || function (","            options,","            onError","        ) {","        /*","         * this function will test buildTest's default handling-behavior","         */","            options = {};","            local.buildTest(options, onError);","        };","","        local.testCase_webpage_default = local.testCase_webpage_default || function (","            options,","            onError","        ) {","        /*","         * this function will test webpage's default handling-behavior","         */","            options = { modeCoverageMerge: true, url: local.serverLocalHost + '?modeTest=1' };","            local.browserTest(options, onError);","        };","","        // run test-server","        local.testRunServer(local);","        break;","    }","}());",""],"l":{"12":2,"14":2,"19":2,"21":2,"23":2,"24":2,"25":2,"30":1,"37":2,"40":2,"43":1,"47":1,"50":1,"52":1,"55":2,"61":2,"62":2,"64":2,"70":1,"76":1,"82":2,"83":2,"85":2,"92":1,"95":1,"102":1,"109":1,"110":1,"113":1,"120":1,"121":1,"122":1,"123":1,"124":1,"127":1,"134":2,"135":2,"138":1,"145":2,"146":2,"149":1,"156":2,"157":2,"160":1,"167":1,"168":1,"172":1,"173":1}},"/home/travis/build/npmtest/node-npmtest-jimp/lib.npmtest_jimp.js":{"path":"/home/travis/build/npmtest/node-npmtest-jimp/lib.npmtest_jimp.js","s":{"1":2,"2":2,"3":2,"4":2,"5":2,"6":2,"7":2,"8":1,"9":2,"10":2,"11":2,"12":2,"13":1,"14":1,"15":1,"16":1},"b":{"1":[2,1,1,1],"2":[1,1,1,1],"3":[1,1],"4":[2,2],"5":[1,1]},"f":{"1":2,"2":2,"3":2},"fnMap":{"1":{"name":"(anonymous_1)","line":12,"loc":{"start":{"line":12,"column":1},"end":{"line":12,"column":13}}},"2":{"name":"(anonymous_2)","line":19,"loc":{"start":{"line":19,"column":5},"end":{"line":19,"column":17}}},"3":{"name":"(anonymous_3)","line":23,"loc":{"start":{"line":23,"column":24},"end":{"line":23,"column":36}}}},"statementMap":{"1":{"start":{"line":12,"column":0},"end":{"line":53,"column":5}},"2":{"start":{"line":14,"column":4},"end":{"line":14,"column":14}},"3":{"start":{"line":19,"column":4},"end":{"line":52,"column":9}},"4":{"start":{"line":21,"column":8},"end":{"line":21,"column":19}},"5":{"start":{"line":23,"column":8},"end":{"line":35,"column":13}},"6":{"start":{"line":24,"column":12},"end":{"line":34,"column":13}},"7":{"start":{"line":25,"column":16},"end":{"line":28,"column":30}},"8":{"start":{"line":30,"column":16},"end":{"line":33,"column":27}},"9":{"start":{"line":37,"column":8},"end":{"line":39,"column":21}},"10":{"start":{"line":41,"column":8},"end":{"line":41,"column":54}},"11":{"start":{"line":43,"column":8},"end":{"line":43,"column":49}},"12":{"start":{"line":45,"column":8},"end":{"line":51,"column":9}},"13":{"start":{"line":46,"column":12},"end":{"line":46,"column":55}},"14":{"start":{"line":48,"column":12},"end":{"line":48,"column":35}},"15":{"start":{"line":49,"column":12},"end":{"line":49,"column":49}},"16":{"start":{"line":50,"column":12},"end":{"line":50,"column":43}}},"branchMap":{"1":{"line":25,"type":"binary-expr","locations":[{"start":{"line":25,"column":23},"end":{"line":25,"column":62}},{"start":{"line":26,"column":20},"end":{"line":26,"column":70}},{"start":{"line":27,"column":20},"end":{"line":27,"column":71}},{"start":{"line":28,"column":20},"end":{"line":28,"column":29}}]},"2":{"line":30,"type":"binary-expr","locations":[{"start":{"line":30,"column":23},"end":{"line":30,"column":37}},{"start":{"line":31,"column":20},"end":{"line":31,"column":61}},{"start":{"line":32,"column":20},"end":{"line":32,"column":70}},{"start":{"line":33,"column":20},"end":{"line":33,"column":26}}]},"3":{"line":37,"type":"cond-expr","locations":[{"start":{"line":38,"column":14},"end":{"line":38,"column":20}},{"start":{"line":39,"column":14},"end":{"line":39,"column":20}}]},"4":{"line":41,"type":"binary-expr","locations":[{"start":{"line":41,"column":16},"end":{"line":41,"column":44}},{"start":{"line":41,"column":48},"end":{"line":41,"column":53}}]},"5":{"line":45,"type":"if","locations":[{"start":{"line":45,"column":8},"end":{"line":45,"column":8}},{"start":{"line":45,"column":8},"end":{"line":45,"column":8}}]}},"code":["/* istanbul instrument in package npmtest_jimp */","/*jslint","    bitwise: true,","    browser: true,","    maxerr: 8,","    maxlen: 96,","    node: true,","    nomen: true,","    regexp: true,","    stupid: true","*/","(function () {","    'use strict';","    var local;","","","","    // run shared js-env code - pre-init","    (function () {","        // init local","        local = {};","        // init modeJs","        local.modeJs = (function () {","            try {","                return typeof navigator.userAgent === 'string' &&","                    typeof document.querySelector('body') === 'object' &&","                    typeof XMLHttpRequest.prototype.open === 'function' &&","                    'browser';","            } catch (errorCaughtBrowser) {","                return module.exports &&","                    typeof process.versions.node === 'string' &&","                    typeof require('http').createServer === 'function' &&","                    'node';","            }","        }());","        // init global","        local.global = local.modeJs === 'browser'","            ? window","            : global;","        // init utility2_rollup","        local = local.global.utility2_rollup || local;","        // init lib","        local.local = local.npmtest_jimp = local;","        // init exports","        if (local.modeJs === 'browser') {","            local.global.utility2_npmtest_jimp = local;","        } else {","            module.exports = local;","            module.exports.__dirname = __dirname;","            module.exports.module = module;","        }","    }());","}());",""],"l":{"12":2,"14":2,"19":2,"21":2,"23":2,"24":2,"25":2,"30":1,"37":2,"41":2,"43":2,"45":2,"46":1,"48":1,"49":1,"50":1}},"/home/travis/build/npmtest/node-npmtest-jimp/example.js":{"path":"/home/travis/build/npmtest/node-npmtest-jimp/example.js","s":{"1":2,"2":2,"3":2,"4":2,"5":2,"6":2,"7":2,"8":1,"9":2,"10":2,"11":2,"12":2,"13":1,"14":2,"15":2,"16":2,"17":2,"18":2,"19":0,"20":2,"21":1,"22":1,"23":1,"24":1,"25":1,"26":0,"27":0,"28":1,"29":1,"30":2,"31":0,"32":0,"33":0,"34":1,"35":2,"36":2,"37":2,"38":2,"39":2,"40":2,"41":0,"42":2,"43":2,"44":2,"45":1,"46":3,"47":1,"48":1,"49":1,"50":1,"51":1,"52":1,"53":1,"54":1,"55":1,"56":1,"57":0,"58":1,"59":6,"60":6,"61":1,"62":2,"63":0,"64":2,"65":1,"66":1,"67":0,"68":0,"69":0,"70":0,"71":0,"72":0,"73":0,"74":0,"75":0,"76":0,"77":0,"78":0,"79":0,"80":0,"81":0,"82":0,"83":0},"b":{"1":[2,1,1,1],"2":[1,1,1,1],"3":[1,1],"4":[2,2],"5":[1,1],"6":[1,1],"7":[2,0],"8":[2,1,1,1,1,1],"9":[0,2,0],"10":[1,1],"11":[2,1,1],"12":[1,0],"13":[0,2],"14":[2,0,0,0,0,0,0],"15":[0,2],"16":[2,0],"17":[1,1],"18":[0,1],"19":[1,2,0,2],"20":[1,0],"21":[1,1],"22":[0,0],"23":[0,0],"24":[0,0],"25":[0,0],"26":[0,0],"27":[0,0],"28":[0,0]},"f":{"1":2,"2":2,"3":2,"4":2,"5":2,"6":2,"7":2,"8":2,"9":3,"10":1,"11":6,"12":0},"fnMap":{"1":{"name":"(anonymous_1)","line":26,"loc":{"start":{"line":26,"column":1},"end":{"line":26,"column":13}}},"2":{"name":"(anonymous_2)","line":33,"loc":{"start":{"line":33,"column":5},"end":{"line":33,"column":17}}},"3":{"name":"(anonymous_3)","line":37,"loc":{"start":{"line":37,"column":24},"end":{"line":37,"column":36}}},"4":{"name":"(anonymous_4)","line":69,"loc":{"start":{"line":69,"column":31},"end":{"line":69,"column":48}},"skip":true},"5":{"name":"(anonymous_5)","line":78,"loc":{"start":{"line":78,"column":26},"end":{"line":78,"column":45}},"skip":true},"6":{"name":"(anonymous_6)","line":123,"loc":{"start":{"line":123,"column":33},"end":{"line":123,"column":48}},"skip":true},"7":{"name":"(anonymous_7)","line":125,"loc":{"start":{"line":125,"column":27},"end":{"line":125,"column":39}},"skip":true},"8":{"name":"(anonymous_8)","line":133,"loc":{"start":{"line":133,"column":59},"end":{"line":133,"column":74}},"skip":true},"9":{"name":"(anonymous_9)","line":143,"loc":{"start":{"line":143,"column":45},"end":{"line":143,"column":62}},"skip":true},"10":{"name":"(anonymous_10)","line":144,"loc":{"start":{"line":144,"column":73},"end":{"line":144,"column":92}},"skip":true},"11":{"name":"(anonymous_11)","line":272,"loc":{"start":{"line":272,"column":51},"end":{"line":272,"column":77}},"skip":true},"12":{"name":"(anonymous_12)","line":314,"loc":{"start":{"line":314,"column":32},"end":{"line":314,"column":61}},"skip":true}},"statementMap":{"1":{"start":{"line":26,"column":0},"end":{"line":325,"column":5}},"2":{"start":{"line":28,"column":4},"end":{"line":28,"column":14}},"3":{"start":{"line":33,"column":4},"end":{"line":60,"column":9}},"4":{"start":{"line":35,"column":8},"end":{"line":35,"column":19}},"5":{"start":{"line":37,"column":8},"end":{"line":49,"column":13}},"6":{"start":{"line":38,"column":12},"end":{"line":48,"column":13}},"7":{"start":{"line":39,"column":16},"end":{"line":42,"column":30}},"8":{"start":{"line":44,"column":16},"end":{"line":47,"column":27}},"9":{"start":{"line":51,"column":8},"end":{"line":53,"column":21}},"10":{"start":{"line":55,"column":8},"end":{"line":57,"column":45}},"11":{"start":{"line":59,"column":8},"end":{"line":59,"column":35}},"12":{"start":{"line":61,"column":4},"end":{"line":324,"column":5}},"13":{"start":{"line":69,"column":8},"end":{"line":121,"column":10},"skip":true},"14":{"start":{"line":70,"column":12},"end":{"line":88,"column":13},"skip":true},"15":{"start":{"line":76,"column":16},"end":{"line":87,"column":19},"skip":true},"16":{"start":{"line":79,"column":20},"end":{"line":86,"column":21},"skip":true},"17":{"start":{"line":82,"column":24},"end":{"line":82,"column":43},"skip":true},"18":{"start":{"line":83,"column":24},"end":{"line":83,"column":30},"skip":true},"19":{"start":{"line":85,"column":24},"end":{"line":85,"column":49},"skip":true},"20":{"start":{"line":89,"column":12},"end":{"line":107,"column":13},"skip":true},"21":{"start":{"line":92,"column":16},"end":{"line":102,"column":17},"skip":true},"22":{"start":{"line":93,"column":20},"end":{"line":93,"column":86},"skip":true},"23":{"start":{"line":94,"column":20},"end":{"line":95,"column":45},"skip":true},"24":{"start":{"line":96,"column":20},"end":{"line":96,"column":42},"skip":true},"25":{"start":{"line":97,"column":20},"end":{"line":97,"column":48},"skip":true},"26":{"start":{"line":100,"column":20},"end":{"line":100,"column":85},"skip":true},"27":{"start":{"line":101,"column":20},"end":{"line":101,"column":96},"skip":true},"28":{"start":{"line":103,"column":16},"end":{"line":103,"column":22},"skip":true},"29":{"start":{"line":106,"column":16},"end":{"line":106,"column":22},"skip":true},"30":{"start":{"line":108,"column":12},"end":{"line":120,"column":13},"skip":true},"31":{"start":{"line":114,"column":16},"end":{"line":119,"column":17},"skip":true},"32":{"start":{"line":116,"column":20},"end":{"line":116,"column":78},"skip":true},"33":{"start":{"line":118,"column":20},"end":{"line":118,"column":53},"skip":true},"34":{"start":{"line":123,"column":8},"end":{"line":141,"column":11},"skip":true},"35":{"start":{"line":124,"column":12},"end":{"line":124,"column":54},"skip":true},"36":{"start":{"line":125,"column":12},"end":{"line":140,"column":14},"skip":true},"37":{"start":{"line":126,"column":16},"end":{"line":126,"column":28},"skip":true},"38":{"start":{"line":127,"column":16},"end":{"line":127,"column":69},"skip":true},"39":{"start":{"line":128,"column":16},"end":{"line":128,"column":75},"skip":true},"40":{"start":{"line":129,"column":16},"end":{"line":131,"column":17},"skip":true},"41":{"start":{"line":130,"column":20},"end":{"line":130,"column":27},"skip":true},"42":{"start":{"line":133,"column":16},"end":{"line":137,"column":36},"skip":true},"43":{"start":{"line":134,"column":20},"end":{"line":136,"column":55},"skip":true},"44":{"start":{"line":139,"column":16},"end":{"line":139,"column":57},"skip":true},"45":{"start":{"line":143,"column":8},"end":{"line":147,"column":11},"skip":true},"46":{"start":{"line":144,"column":12},"end":{"line":146,"column":15},"skip":true},"47":{"start":{"line":145,"column":16},"end":{"line":145,"column":70},"skip":true},"48":{"start":{"line":149,"column":8},"end":{"line":149,"column":31},"skip":true},"49":{"start":{"line":150,"column":8},"end":{"line":150,"column":14},"skip":true},"50":{"start":{"line":158,"column":8},"end":{"line":158,"column":31},"skip":true},"51":{"start":{"line":160,"column":8},"end":{"line":160,"column":33},"skip":true},"52":{"start":{"line":161,"column":8},"end":{"line":161,"column":37},"skip":true},"53":{"start":{"line":162,"column":8},"end":{"line":162,"column":35},"skip":true},"54":{"start":{"line":164,"column":8},"end":{"line":164,"column":50},"skip":true},"55":{"start":{"line":166,"column":8},"end":{"line":256,"column":2},"skip":true},"56":{"start":{"line":258,"column":8},"end":{"line":286,"column":9},"skip":true},"57":{"start":{"line":259,"column":12},"end":{"line":269,"column":14},"skip":true},"58":{"start":{"line":271,"column":12},"end":{"line":285,"column":19},"skip":true},"59":{"start":{"line":274,"column":20},"end":{"line":274,"column":35},"skip":true},"60":{"start":{"line":275,"column":20},"end":{"line":284,"column":21},"skip":true},"61":{"start":{"line":277,"column":24},"end":{"line":277,"column":64},"skip":true},"62":{"start":{"line":279,"column":24},"end":{"line":279,"column":40},"skip":true},"63":{"start":{"line":281,"column":24},"end":{"line":281,"column":40},"skip":true},"64":{"start":{"line":283,"column":24},"end":{"line":283,"column":39},"skip":true},"65":{"start":{"line":288,"column":8},"end":{"line":290,"column":9},"skip":true},"66":{"start":{"line":289,"column":12},"end":{"line":289,"column":18},"skip":true},"67":{"start":{"line":291,"column":8},"end":{"line":293,"column":54},"skip":true},"68":{"start":{"line":294,"column":8},"end":{"line":301,"column":37},"skip":true},"69":{"start":{"line":302,"column":8},"end":{"line":302,"column":82},"skip":true},"70":{"start":{"line":305,"column":8},"end":{"line":307,"column":9},"skip":true},"71":{"start":{"line":306,"column":12},"end":{"line":306,"column":82},"skip":true},"72":{"start":{"line":309,"column":8},"end":{"line":311,"column":9},"skip":true},"73":{"start":{"line":310,"column":12},"end":{"line":310,"column":18},"skip":true},"74":{"start":{"line":312,"column":8},"end":{"line":312,"column":54},"skip":true},"75":{"start":{"line":313,"column":8},"end":{"line":313,"column":69},"skip":true},"76":{"start":{"line":314,"column":8},"end":{"line":322,"column":36},"skip":true},"77":{"start":{"line":315,"column":12},"end":{"line":315,"column":61},"skip":true},"78":{"start":{"line":316,"column":12},"end":{"line":319,"column":13},"skip":true},"79":{"start":{"line":317,"column":16},"end":{"line":317,"column":75},"skip":true},"80":{"start":{"line":318,"column":16},"end":{"line":318,"column":23},"skip":true},"81":{"start":{"line":320,"column":12},"end":{"line":320,"column":38},"skip":true},"82":{"start":{"line":321,"column":12},"end":{"line":321,"column":27},"skip":true},"83":{"start":{"line":323,"column":8},"end":{"line":323,"column":14},"skip":true}},"branchMap":{"1":{"line":39,"type":"binary-expr","locations":[{"start":{"line":39,"column":23},"end":{"line":39,"column":62}},{"start":{"line":40,"column":20},"end":{"line":40,"column":70}},{"start":{"line":41,"column":20},"end":{"line":41,"column":71}},{"start":{"line":42,"column":20},"end":{"line":42,"column":29}}]},"2":{"line":44,"type":"binary-expr","locations":[{"start":{"line":44,"column":23},"end":{"line":44,"column":37}},{"start":{"line":45,"column":20},"end":{"line":45,"column":61}},{"start":{"line":46,"column":20},"end":{"line":46,"column":70}},{"start":{"line":47,"column":20},"end":{"line":47,"column":26}}]},"3":{"line":51,"type":"cond-expr","locations":[{"start":{"line":52,"column":14},"end":{"line":52,"column":20}},{"start":{"line":53,"column":14},"end":{"line":53,"column":20}}]},"4":{"line":55,"type":"binary-expr","locations":[{"start":{"line":55,"column":16},"end":{"line":55,"column":44}},{"start":{"line":55,"column":49},"end":{"line":57,"column":43}}]},"5":{"line":55,"type":"cond-expr","locations":[{"start":{"line":56,"column":14},"end":{"line":56,"column":48}},{"start":{"line":57,"column":14},"end":{"line":57,"column":43}}]},"6":{"line":61,"type":"switch","locations":[{"start":{"line":68,"column":4},"end":{"line":150,"column":14},"skip":true},{"start":{"line":156,"column":4},"end":{"line":323,"column":14},"skip":true}]},"7":{"line":70,"type":"if","locations":[{"start":{"line":70,"column":12},"end":{"line":70,"column":12},"skip":true},{"start":{"line":70,"column":12},"end":{"line":70,"column":12},"skip":true}]},"8":{"line":70,"type":"binary-expr","locations":[{"start":{"line":70,"column":16},"end":{"line":70,"column":22},"skip":true},{"start":{"line":70,"column":27},"end":{"line":70,"column":32},"skip":true},{"start":{"line":71,"column":20},"end":{"line":71,"column":39},"skip":true},{"start":{"line":72,"column":20},"end":{"line":72,"column":49},"skip":true},{"start":{"line":73,"column":20},"end":{"line":73,"column":58},"skip":true},{"start":{"line":74,"column":20},"end":{"line":74,"column":69},"skip":true}]},"9":{"line":79,"type":"switch","locations":[{"start":{"line":80,"column":20},"end":{"line":80,"column":33},"skip":true},{"start":{"line":81,"column":20},"end":{"line":83,"column":30},"skip":true},{"start":{"line":84,"column":20},"end":{"line":85,"column":49},"skip":true}]},"10":{"line":89,"type":"switch","locations":[{"start":{"line":90,"column":12},"end":{"line":103,"column":22},"skip":true},{"start":{"line":105,"column":12},"end":{"line":106,"column":22},"skip":true}]},"11":{"line":89,"type":"binary-expr","locations":[{"start":{"line":89,"column":20},"end":{"line":89,"column":25},"skip":true},{"start":{"line":89,"column":29},"end":{"line":89,"column":48},"skip":true},{"start":{"line":89,"column":52},"end":{"line":89,"column":74},"skip":true}]},"12":{"line":92,"type":"if","locations":[{"start":{"line":92,"column":16},"end":{"line":92,"column":16},"skip":true},{"start":{"line":92,"column":16},"end":{"line":92,"column":16},"skip":true}]},"13":{"line":108,"type":"if","locations":[{"start":{"line":108,"column":12},"end":{"line":108,"column":12},"skip":true},{"start":{"line":108,"column":12},"end":{"line":108,"column":12},"skip":true}]},"14":{"line":108,"type":"binary-expr","locations":[{"start":{"line":108,"column":16},"end":{"line":108,"column":61},"skip":true},{"start":{"line":108,"column":66},"end":{"line":108,"column":72},"skip":true},{"start":{"line":108,"column":77},"end":{"line":108,"column":82},"skip":true},{"start":{"line":109,"column":20},"end":{"line":109,"column":39},"skip":true},{"start":{"line":110,"column":20},"end":{"line":110,"column":49},"skip":true},{"start":{"line":111,"column":20},"end":{"line":111,"column":58},"skip":true},{"start":{"line":112,"column":20},"end":{"line":112,"column":68},"skip":true}]},"15":{"line":129,"type":"if","locations":[{"start":{"line":129,"column":16},"end":{"line":129,"column":16},"skip":true},{"start":{"line":129,"column":16},"end":{"line":129,"column":16},"skip":true}]},"16":{"line":134,"type":"cond-expr","locations":[{"start":{"line":135,"column":26},"end":{"line":135,"column":29},"skip":true},{"start":{"line":136,"column":26},"end":{"line":136,"column":54},"skip":true}]},"17":{"line":164,"type":"binary-expr","locations":[{"start":{"line":164,"column":27},"end":{"line":164,"column":43},"skip":true},{"start":{"line":164,"column":47},"end":{"line":164,"column":49},"skip":true}]},"18":{"line":258,"type":"if","locations":[{"start":{"line":258,"column":8},"end":{"line":258,"column":8},"skip":true},{"start":{"line":258,"column":8},"end":{"line":258,"column":8},"skip":true}]},"19":{"line":275,"type":"switch","locations":[{"start":{"line":276,"column":20},"end":{"line":277,"column":64},"skip":true},{"start":{"line":278,"column":20},"end":{"line":279,"column":40},"skip":true},{"start":{"line":280,"column":20},"end":{"line":281,"column":40},"skip":true},{"start":{"line":282,"column":20},"end":{"line":283,"column":39},"skip":true}]},"20":{"line":288,"type":"if","locations":[{"start":{"line":288,"column":8},"end":{"line":288,"column":8},"skip":true},{"start":{"line":288,"column":8},"end":{"line":288,"column":8},"skip":true}]},"21":{"line":288,"type":"binary-expr","locations":[{"start":{"line":288,"column":12},"end":{"line":288,"column":40},"skip":true},{"start":{"line":288,"column":44},"end":{"line":288,"column":67},"skip":true}]},"22":{"line":292,"type":"binary-expr","locations":[{"start":{"line":292,"column":12},"end":{"line":292,"column":50},"skip":true},{"start":{"line":293,"column":12},"end":{"line":293,"column":53},"skip":true}]},"23":{"line":295,"type":"binary-expr","locations":[{"start":{"line":295,"column":12},"end":{"line":295,"column":62},"skip":true},{"start":{"line":296,"column":12},"end":{"line":301,"column":36},"skip":true}]},"24":{"line":302,"type":"binary-expr","locations":[{"start":{"line":302,"column":43},"end":{"line":302,"column":75},"skip":true},{"start":{"line":302,"column":79},"end":{"line":302,"column":81},"skip":true}]},"25":{"line":305,"type":"if","locations":[{"start":{"line":305,"column":8},"end":{"line":305,"column":8},"skip":true},{"start":{"line":305,"column":8},"end":{"line":305,"column":8},"skip":true}]},"26":{"line":309,"type":"if","locations":[{"start":{"line":309,"column":8},"end":{"line":309,"column":8},"skip":true},{"start":{"line":309,"column":8},"end":{"line":309,"column":8},"skip":true}]},"27":{"line":312,"type":"binary-expr","locations":[{"start":{"line":312,"column":27},"end":{"line":312,"column":43},"skip":true},{"start":{"line":312,"column":47},"end":{"line":312,"column":53},"skip":true}]},"28":{"line":316,"type":"if","locations":[{"start":{"line":316,"column":12},"end":{"line":316,"column":12},"skip":true},{"start":{"line":316,"column":12},"end":{"line":316,"column":12},"skip":true}]}},"code":["/*","example.js","","quickstart example","","instruction","    1. save this script as example.js","    2. run the shell command:","        $ npm install npmtest-jimp && PORT=8081 node example.js","    3. play with the browser-demo on http://127.0.0.1:8081","*/","","","","/* istanbul instrument in package npmtest_jimp */","/*jslint","    bitwise: true,","    browser: true,","    maxerr: 8,","    maxlen: 96,","    node: true,","    nomen: true,","    regexp: true,","    stupid: true","*/","(function () {","    'use strict';","    var local;","","","","    // run shared js-env code - pre-init","    (function () {","        // init local","        local = {};","        // init modeJs","        local.modeJs = (function () {","            try {","                return typeof navigator.userAgent === 'string' &&","                    typeof document.querySelector('body') === 'object' &&","                    typeof XMLHttpRequest.prototype.open === 'function' &&","                    'browser';","            } catch (errorCaughtBrowser) {","                return module.exports &&","                    typeof process.versions.node === 'string' &&","                    typeof require('http').createServer === 'function' &&","                    'node';","            }","        }());","        // init global","        local.global = local.modeJs === 'browser'","            ? window","            : global;","        // init utility2_rollup","        local = local.global.utility2_rollup || (local.modeJs === 'browser'","            ? local.global.utility2_npmtest_jimp","            : global.utility2_moduleExports);","        // export local","        local.global.local = local;","    }());","    switch (local.modeJs) {","","","","    // post-init","    // run browser js-env code - post-init","    /* istanbul ignore next */","    case 'browser':","        local.testRunBrowser = function (event) {","            if (!event || (event &&","                    event.currentTarget &&","                    event.currentTarget.className &&","                    event.currentTarget.className.includes &&","                    event.currentTarget.className.includes('onreset'))) {","                // reset output","                Array.from(","                    document.querySelectorAll('body > .resettable')","                ).forEach(function (element) {","                    switch (element.tagName) {","                    case 'INPUT':","                    case 'TEXTAREA':","                        element.value = '';","                        break;","                    default:","                        element.textContent = '';","                    }","                });","            }","            switch (event && event.currentTarget && event.currentTarget.id) {","            case 'testRunButton1':","                // show tests","                if (document.querySelector('#testReportDiv1').style.display === 'none') {","                    document.querySelector('#testReportDiv1').style.display = 'block';","                    document.querySelector('#testRunButton1').textContent =","                        'hide internal test';","                    local.modeTest = true;","                    local.testRunDefault(local);","                // hide tests","                } else {","                    document.querySelector('#testReportDiv1').style.display = 'none';","                    document.querySelector('#testRunButton1').textContent = 'run internal test';","                }","                break;","            // custom-case","            default:","                break;","            }","            if (document.querySelector('#inputTextareaEval1') && (!event || (event &&","                    event.currentTarget &&","                    event.currentTarget.className &&","                    event.currentTarget.className.includes &&","                    event.currentTarget.className.includes('oneval')))) {","                // try to eval input-code","                try {","                    /*jslint evil: true*/","                    eval(document.querySelector('#inputTextareaEval1').value);","                } catch (errorCaught) {","                    console.error(errorCaught.stack);","                }","            }","        };","        // log stderr and stdout to #outputTextareaStdout1","        ['error', 'log'].forEach(function (key) {","            console[key + '_original'] = console[key];","            console[key] = function () {","                var element;","                console[key + '_original'].apply(console, arguments);","                element = document.querySelector('#outputTextareaStdout1');","                if (!element) {","                    return;","                }","                // append text to #outputTextareaStdout1","                element.value += Array.from(arguments).map(function (arg) {","                    return typeof arg === 'string'","                        ? arg","                        : JSON.stringify(arg, null, 4);","                }).join(' ') + '\\n';","                // scroll textarea to bottom","                element.scrollTop = element.scrollHeight;","            };","        });","        // init event-handling","        ['change', 'click', 'keyup'].forEach(function (event) {","            Array.from(document.querySelectorAll('.on' + event)).forEach(function (element) {","                element.addEventListener(event, local.testRunBrowser);","            });","        });","        // run tests","        local.testRunBrowser();","        break;","","","","    // run node js-env code - post-init","    /* istanbul ignore next */","    case 'node':","        // export local","        module.exports = local;","        // require modules","        local.fs = require('fs');","        local.http = require('http');","        local.url = require('url');","        // init assets","        local.assetsDict = local.assetsDict || {};","        /* jslint-ignore-begin */","        local.assetsDict['/assets.index.template.html'] = '\\","<!doctype html>\\n\\","<html lang=\"en\">\\n\\","<head>\\n\\","<meta charset=\"UTF-8\">\\n\\","<meta name=\"viewport\" content=\"width=device-width, initial-scale=1\">\\n\\","<title>{{env.npm_package_name}} (v{{env.npm_package_version}})</title>\\n\\","<style>\\n\\","/*csslint\\n\\","    box-sizing: false,\\n\\","    universal-selector: false\\n\\","*/\\n\\","* {\\n\\","    box-sizing: border-box;\\n\\","}\\n\\","body {\\n\\","    background: #dde;\\n\\","    font-family: Arial, Helvetica, sans-serif;\\n\\","    margin: 2rem;\\n\\","}\\n\\","body > * {\\n\\","    margin-bottom: 1rem;\\n\\","}\\n\\",".utility2FooterDiv {\\n\\","    margin-top: 20px;\\n\\","    text-align: center;\\n\\","}\\n\\","</style>\\n\\","<style>\\n\\","/*csslint\\n\\","*/\\n\\","textarea {\\n\\","    font-family: monospace;\\n\\","    height: 10rem;\\n\\","    width: 100%;\\n\\","}\\n\\","textarea[readonly] {\\n\\","    background: #ddd;\\n\\","}\\n\\","</style>\\n\\","</head>\\n\\","<body>\\n\\","<!-- utility2-comment\\n\\","<div id=\"ajaxProgressDiv1\" style=\"background: #d00; height: 2px; left: 0; margin: 0; padding: 0; position: fixed; top: 0; transition: background 0.5s, width 1.5s; width: 25%;\"></div>\\n\\","utility2-comment -->\\n\\","<h1>\\n\\","<!-- utility2-comment\\n\\","    <a\\n\\","        {{#if env.npm_package_homepage}}\\n\\","        href=\"{{env.npm_package_homepage}}\"\\n\\","        {{/if env.npm_package_homepage}}\\n\\","        target=\"_blank\"\\n\\","    >\\n\\","utility2-comment -->\\n\\","        {{env.npm_package_name}} (v{{env.npm_package_version}})\\n\\","<!-- utility2-comment\\n\\","    </a>\\n\\","utility2-comment -->\\n\\","</h1>\\n\\","<h3>{{env.npm_package_description}}</h3>\\n\\","<!-- utility2-comment\\n\\","<h4><a download href=\"assets.app.js\">download standalone app</a></h4>\\n\\","<button class=\"onclick onreset\" id=\"testRunButton1\">run internal test</button><br>\\n\\","<div id=\"testReportDiv1\" style=\"display: none;\"></div>\\n\\","utility2-comment -->\\n\\","\\n\\","\\n\\","\\n\\","<label>stderr and stdout</label>\\n\\","<textarea class=\"resettable\" id=\"outputTextareaStdout1\" readonly></textarea>\\n\\","<!-- utility2-comment\\n\\","{{#if isRollup}}\\n\\","<script src=\"assets.app.js\"></script>\\n\\","{{#unless isRollup}}\\n\\","utility2-comment -->\\n\\","<script src=\"assets.utility2.rollup.js\"></script>\\n\\","<script src=\"jsonp.utility2._stateInit?callback=window.utility2._stateInit\"></script>\\n\\","<script src=\"assets.npmtest_jimp.rollup.js\"></script>\\n\\","<script src=\"assets.example.js\"></script>\\n\\","<script src=\"assets.test.js\"></script>\\n\\","<!-- utility2-comment\\n\\","{{/if isRollup}}\\n\\","utility2-comment -->\\n\\","<div class=\"utility2FooterDiv\">\\n\\","    [ this app was created with\\n\\","    <a href=\"https://github.com/kaizhu256/node-utility2\" target=\"_blank\">utility2</a>\\n\\","    ]\\n\\","</div>\\n\\","</body>\\n\\","</html>\\n\\","';","        /* jslint-ignore-end */","        if (local.templateRender) {","            local.assetsDict['/'] = local.templateRender(","                local.assetsDict['/assets.index.template.html'],","                {","                    env: local.objectSetDefault(local.env, {","                        npm_package_description: 'the greatest app in the world!',","                        npm_package_name: 'my-app',","                        npm_package_nameAlias: 'my_app',","                        npm_package_version: '0.0.1'","                    })","                }","            );","        } else {","            local.assetsDict['/'] = local.assetsDict['/assets.index.template.html']","                .replace((/\\{\\{env\\.(\\w+?)\\}\\}/g), function (match0, match1) {","                    // jslint-hack","                    String(match0);","                    switch (match1) {","                    case 'npm_package_description':","                        return 'the greatest app in the world!';","                    case 'npm_package_name':","                        return 'my-app';","                    case 'npm_package_nameAlias':","                        return 'my_app';","                    case 'npm_package_version':","                        return '0.0.1';","                    }","                });","        }","        // run the cli","        if (local.global.utility2_rollup || module !== require.main) {","            break;","        }","        local.assetsDict['/assets.example.js'] =","            local.assetsDict['/assets.example.js'] ||","            local.fs.readFileSync(__filename, 'utf8');","        local.assetsDict['/assets.npmtest_jimp.rollup.js'] =","            local.assetsDict['/assets.npmtest_jimp.rollup.js'] ||","            local.fs.readFileSync(","                // buildCustomOrg-hack","                local.npmtest_jimp.__dirname +","                    '/lib.npmtest_jimp.js',","                'utf8'","            ).replace((/^#!/), '//');","        local.assetsDict['/favicon.ico'] = local.assetsDict['/favicon.ico'] || '';","        // if $npm_config_timeout_exit exists,","        // then exit this process after $npm_config_timeout_exit ms","        if (Number(process.env.npm_config_timeout_exit)) {","            setTimeout(process.exit, Number(process.env.npm_config_timeout_exit));","        }","        // start server","        if (local.global.utility2_serverHttp1) {","            break;","        }","        process.env.PORT = process.env.PORT || '8081';","        console.error('server starting on port ' + process.env.PORT);","        local.http.createServer(function (request, response) {","            request.urlParsed = local.url.parse(request.url);","            if (local.assetsDict[request.urlParsed.pathname] !== undefined) {","                response.end(local.assetsDict[request.urlParsed.pathname]);","                return;","            }","            response.statusCode = 404;","            response.end();","        }).listen(process.env.PORT);","        break;","    }","}());",""],"l":{"26":2,"28":2,"33":2,"35":2,"37":2,"38":2,"39":2,"44":1,"51":2,"55":2,"59":2,"61":2,"69":1,"70":2,"76":2,"79":2,"82":2,"83":2,"85":1,"89":2,"92":1,"93":1,"94":1,"96":1,"97":1,"100":1,"101":1,"103":1,"106":1,"108":2,"114":1,"116":1,"118":1,"123":1,"124":2,"125":2,"126":2,"127":2,"128":2,"129":2,"130":1,"133":2,"134":2,"139":2,"143":1,"144":3,"145":1,"149":1,"150":1,"158":1,"160":1,"161":1,"162":1,"164":1,"166":1,"258":1,"259":1,"271":1,"274":6,"275":6,"277":1,"279":2,"281":1,"283":2,"288":1,"289":1,"291":1,"294":1,"302":1,"305":1,"306":1,"309":1,"310":1,"312":1,"313":1,"314":1,"315":1,"316":1,"317":1,"318":1,"320":1,"321":1,"323":1}},"/home/travis/build/npmtest/node-npmtest-jimp/jimp/index.js":{"path":"/home/travis/build/npmtest/node-npmtest-jimp/jimp/index.js","s":{"1":1,"2":1,"3":1,"4":1,"5":1,"6":1,"7":1,"8":1,"9":1,"10":1,"11":1,"12":1,"13":1,"14":1,"15":1,"16":1,"17":1,"18":1,"19":1,"20":1,"21":1,"22":0,"23":0,"24":0,"25":0,"26":0,"27":0,"28":0,"29":0,"30":0,"31":0,"32":0,"33":0,"34":0,"35":0,"36":1,"37":1,"38":1,"39":1,"40":0,"41":0,"42":0,"43":1,"44":0,"45":0,"46":1,"47":1,"48":1,"49":0,"50":0,"51":0,"52":0,"53":0,"54":1,"55":0,"56":0,"57":0,"58":0,"59":0,"60":1,"61":0,"62":0,"63":0,"64":0,"65":0,"66":0,"67":0,"68":0,"69":0,"70":0,"71":0,"72":0,"73":0,"74":0,"75":0,"76":0,"77":0,"78":0,"79":0,"80":0,"81":0,"82":0,"83":0,"84":0,"85":0,"86":0,"87":0,"88":0,"89":0,"90":0,"91":0,"92":0,"93":0,"94":0,"95":0,"96":0,"97":0,"98":0,"99":0,"100":0,"101":0,"102":0,"103":0,"104":0,"105":0,"106":0,"107":0,"108":0,"109":0,"110":0,"111":0,"112":0,"113":0,"114":0,"115":0,"116":0,"117":0,"118":0,"119":0,"120":0,"121":0,"122":0,"123":0,"124":0,"125":0,"126":0,"127":0,"128":0,"129":0,"130":0,"131":0,"132":0,"133":0,"134":0,"135":0,"136":0,"137":1,"138":0,"139":0,"140":0,"141":0,"142":0,"143":0,"144":0,"145":0,"146":0,"147":1,"148":0,"149":0,"150":0,"151":0,"152":0,"153":0,"154":1,"155":0,"156":0,"157":0,"158":0,"159":0,"160":1,"161":0,"162":0,"163":0,"164":0,"165":0,"166":0,"167":0,"168":0,"169":0,"170":0,"171":0,"172":0,"173":0,"174":0,"175":0,"176":0,"177":0,"178":0,"179":1,"180":0,"181":0,"182":0,"183":0,"184":0,"185":0,"186":0,"187":0,"188":0,"189":0,"190":0,"191":0,"192":0,"193":0,"194":0,"195":0,"196":0,"197":0,"198":0,"199":0,"200":0,"201":0,"202":1,"203":1,"204":1,"205":1,"206":1,"207":1,"208":1,"209":1,"210":1,"211":1,"212":1,"213":1,"214":1,"215":1,"216":1,"217":1,"218":1,"219":1,"220":1,"221":1,"222":1,"223":1,"224":1,"225":1,"226":1,"227":1,"228":1,"229":1,"230":1,"231":1,"232":1,"233":1,"234":0,"235":0,"236":0,"237":0,"238":0,"239":0,"240":0,"241":0,"242":0,"243":0,"244":0,"245":0,"246":0,"247":0,"248":1,"249":0,"250":0,"251":0,"252":0,"253":0,"254":0,"255":0,"256":0,"257":0,"258":0,"259":1,"260":0,"261":0,"262":0,"263":1,"264":0,"265":0,"266":0,"267":0,"268":0,"269":0,"270":0,"271":0,"272":0,"273":0,"274":0,"275":0,"276":0,"277":0,"278":1,"279":0,"280":0,"281":0,"282":0,"283":1,"284":1,"285":1,"286":1,"287":1,"288":1,"289":1,"290":1,"291":0,"292":0,"293":0,"294":0,"295":1,"296":0,"297":0,"298":0,"299":0,"300":0,"301":0,"302":0,"303":0,"304":1,"305":0,"306":0,"307":0,"308":0,"309":0,"310":0,"311":0,"312":0,"313":1,"314":0,"315":0,"316":0,"317":0,"318":0,"319":0,"320":0,"321":0,"322":1,"323":0,"324":0,"325":0,"326":0,"327":0,"328":0,"329":0,"330":0,"331":1,"332":0,"333":0,"334":0,"335":0,"336":0,"337":0,"338":1,"339":0,"340":0,"341":0,"342":0,"343":0,"344":0,"345":1,"346":0,"347":0,"348":0,"349":0,"350":0,"351":0,"352":0,"353":0,"354":0,"355":0,"356":0,"357":0,"358":0,"359":0,"360":0,"361":0,"362":0,"363":1,"364":0,"365":0,"366":0,"367":0,"368":0,"369":0,"370":0,"371":0,"372":0,"373":0,"374":0,"375":0,"376":1,"377":0,"378":0,"379":0,"380":0,"381":0,"382":0,"383":0,"384":0,"385":0,"386":1,"387":0,"388":0,"389":0,"390":0,"391":0,"392":0,"393":0,"394":0,"395":0,"396":1,"397":1,"398":65,"399":65,"400":1,"401":0,"402":0,"403":0,"404":0,"405":0,"406":0,"407":0,"408":0,"409":0,"410":0,"411":0,"412":0,"413":0,"414":0,"415":0,"416":1,"417":0,"418":0,"419":0,"420":0,"421":0,"422":0,"423":0,"424":0,"425":0,"426":0,"427":0,"428":0,"429":0,"430":0,"431":0,"432":0,"433":0,"434":0,"435":0,"436":0,"437":1,"438":0,"439":0,"440":0,"441":0,"442":0,"443":0,"444":0,"445":0,"446":0,"447":0,"448":0,"449":0,"450":0,"451":0,"452":0,"453":0,"454":0,"455":0,"456":0,"457":0,"458":0,"459":0,"460":0,"461":0,"462":0,"463":0,"464":0,"465":0,"466":0,"467":0,"468":0,"469":0,"470":0,"471":0,"472":0,"473":0,"474":0,"475":0,"476":0,"477":0,"478":0,"479":0,"480":0,"481":0,"482":0,"483":0,"484":0,"485":0,"486":0,"487":0,"488":0,"489":0,"490":0,"491":0,"492":0,"493":0,"494":0,"495":0,"496":0,"497":0,"498":0,"499":0,"500":0,"501":0,"502":0,"503":0,"504":0,"505":0,"506":0,"507":1,"508":0,"509":0,"510":0,"511":0,"512":0,"513":0,"514":0,"515":0,"516":0,"517":0,"518":0,"519":0,"520":0,"521":0,"522":0,"523":0,"524":0,"525":0,"526":0,"527":0,"528":0,"529":0,"530":0,"531":0,"532":0,"533":0,"534":0,"535":0,"536":0,"537":0,"538":0,"539":0,"540":1,"541":0,"542":0,"543":0,"544":0,"545":0,"546":0,"547":0,"548":0,"549":0,"550":0,"551":0,"552":0,"553":0,"554":0,"555":1,"556":0,"557":0,"558":0,"559":0,"560":0,"561":0,"562":0,"563":0,"564":0,"565":0,"566":0,"567":0,"568":0,"569":0,"570":0,"571":0,"572":0,"573":0,"574":0,"575":0,"576":0,"577":0,"578":1,"579":0,"580":0,"581":0,"582":0,"583":0,"584":0,"585":0,"586":0,"587":0,"588":0,"589":0,"590":0,"591":0,"592":0,"593":0,"594":1,"595":0,"596":0,"597":0,"598":0,"599":1,"600":0,"601":0,"602":0,"603":0,"604":0,"605":0,"606":0,"607":0,"608":0,"609":0,"610":0,"611":0,"612":0,"613":0,"614":0,"615":0,"616":0,"617":0,"618":1,"619":0,"620":0,"621":0,"622":0,"623":0,"624":0,"625":0,"626":0,"627":0,"628":0,"629":0,"630":1,"631":0,"632":0,"633":0,"634":0,"635":0,"636":0,"637":1,"638":0,"639":0,"640":0,"641":0,"642":0,"643":0,"644":0,"645":0,"646":0,"647":0,"648":0,"649":0,"650":0,"651":0,"652":0,"653":0,"654":0,"655":0,"656":1,"657":0,"658":0,"659":0,"660":0,"661":0,"662":0,"663":0,"664":1,"665":0,"666":0,"667":0,"668":0,"669":0,"670":0,"671":0,"672":0,"673":0,"674":0,"675":0,"676":0,"677":0,"678":1,"679":0,"680":0,"681":0,"682":0,"683":0,"684":0,"685":0,"686":0,"687":0,"688":0,"689":0,"690":0,"691":0,"692":0,"693":0,"694":0,"695":0,"696":0,"697":0,"698":0,"699":0,"700":0,"701":0,"702":0,"703":0,"704":0,"705":0,"706":0,"707":0,"708":0,"709":0,"710":0,"711":0,"712":0,"713":1,"714":1,"715":1,"716":0,"717":0,"718":0,"719":0,"720":0,"721":0,"722":0,"723":0,"724":0,"725":0,"726":0,"727":0,"728":0,"729":0,"730":0,"731":0,"732":0,"733":0,"734":0,"735":0,"736":0,"737":0,"738":0,"739":0,"740":0,"741":0,"742":0,"743":0,"744":0,"745":0,"746":0,"747":0,"748":0,"749":0,"750":0,"751":0,"752":0,"753":0,"754":0,"755":0,"756":0,"757":0,"758":0,"759":0,"760":0,"761":0,"762":0,"763":0,"764":0,"765":0,"766":0,"767":0,"768":0,"769":0,"770":0,"771":0,"772":0,"773":0,"774":0,"775":0,"776":0,"777":0,"778":0,"779":0,"780":0,"781":0,"782":0,"783":0,"784":0,"785":0,"786":0,"787":0,"788":0,"789":0,"790":0,"791":0,"792":0,"793":0,"794":0,"795":0,"796":0,"797":0,"798":0,"799":1,"800":0,"801":0,"802":0,"803":0,"804":0,"805":0,"806":0,"807":0,"808":1,"809":1,"810":0,"811":0,"812":0,"813":0,"814":0,"815":0,"816":0,"817":0,"818":0,"819":0,"820":0,"821":0,"822":0,"823":1,"824":0,"825":0,"826":0,"827":0,"828":0,"829":0,"830":0,"831":0,"832":0,"833":0,"834":1,"835":0,"836":0,"837":0,"838":0,"839":0,"840":0,"841":0,"842":0,"843":1,"844":0,"845":0,"846":0,"847":0,"848":0,"849":1,"850":0,"851":0,"852":0,"853":0,"854":0,"855":0,"856":0,"857":0,"858":0,"859":0,"860":0,"861":0,"862":0,"863":0,"864":0,"865":0,"866":0,"867":0,"868":0,"869":0,"870":0,"871":0,"872":0,"873":0,"874":0,"875":0,"876":1,"877":0,"878":0,"879":0,"880":0,"881":0,"882":0,"883":0,"884":0,"885":0,"886":0,"887":0,"888":0,"889":0,"890":0,"891":0,"892":0,"893":0,"894":0,"895":0,"896":0,"897":0,"898":0,"899":1,"900":0,"901":0,"902":0,"903":0,"904":0,"905":0,"906":0,"907":0,"908":0,"909":0,"910":0,"911":0,"912":0,"913":0,"914":0,"915":0,"916":0,"917":0,"918":0,"919":0,"920":0,"921":0,"922":0,"923":0,"924":0,"925":0,"926":0,"927":0,"928":0,"929":0,"930":1,"931":0,"932":0,"933":0,"934":0,"935":0,"936":0,"937":0,"938":0,"939":0,"940":0,"941":0,"942":0,"943":0,"944":1,"945":0,"946":0,"947":0,"948":0,"949":0,"950":0,"951":0,"952":0,"953":0,"954":0,"955":1,"956":0,"957":0,"958":0,"959":0,"960":0,"961":0,"962":0,"963":0,"964":0,"965":0,"966":0,"967":0,"968":0,"969":0,"970":0,"971":0,"972":0,"973":1,"974":0,"975":0,"976":0,"977":0,"978":0,"979":0,"980":0,"981":0,"982":0,"983":0,"984":0,"985":0,"986":0,"987":0,"988":1,"989":0,"990":0,"991":0,"992":0,"993":0,"994":0,"995":0,"996":0,"997":0,"998":0,"999":0,"1000":0,"1001":0,"1002":0,"1003":0,"1004":0,"1005":0,"1006":0,"1007":0,"1008":0,"1009":1,"1010":0,"1011":0,"1012":0,"1013":0,"1014":0,"1015":0,"1016":0,"1017":0,"1018":0,"1019":0,"1020":0,"1021":0,"1022":0,"1023":0,"1024":0,"1025":1,"1026":0,"1027":0,"1028":0,"1029":0,"1030":0,"1031":0,"1032":0,"1033":0,"1034":0,"1035":0,"1036":0,"1037":0,"1038":0,"1039":0,"1040":0,"1041":0,"1042":0,"1043":0,"1044":0,"1045":0,"1046":0,"1047":1,"1048":0,"1049":1,"1050":0,"1051":0,"1052":0,"1053":0,"1054":0,"1055":0,"1056":0,"1057":0,"1058":0,"1059":0,"1060":1,"1061":0,"1062":0,"1063":0,"1064":0,"1065":0,"1066":0,"1067":0,"1068":0,"1069":0,"1070":0,"1071":1,"1072":1,"1073":0,"1074":0,"1075":0,"1076":0,"1077":0,"1078":0,"1079":0,"1080":0,"1081":0,"1082":0,"1083":0,"1084":0,"1085":0,"1086":0,"1087":0,"1088":0,"1089":0,"1090":0,"1091":0,"1092":0,"1093":0,"1094":0,"1095":0,"1096":0,"1097":0,"1098":0,"1099":0,"1100":0,"1101":0,"1102":0,"1103":0,"1104":0,"1105":0,"1106":0,"1107":0,"1108":0,"1109":0,"1110":0,"1111":0,"1112":1,"1113":0,"1114":0,"1115":0,"1116":0,"1117":0,"1118":0,"1119":0,"1120":0,"1121":0,"1122":0,"1123":0,"1124":0,"1125":0,"1126":0,"1127":0,"1128":0,"1129":0,"1130":0,"1131":0,"1132":0,"1133":1,"1134":0,"1135":0,"1136":0,"1137":1,"1138":0,"1139":0,"1140":0,"1141":0,"1142":0,"1143":0,"1144":0,"1145":0,"1146":0,"1147":0,"1148":0,"1149":0,"1150":0,"1151":0,"1152":0,"1153":0,"1154":0,"1155":0,"1156":0,"1157":0,"1158":0,"1159":0,"1160":0,"1161":0,"1162":0,"1163":0,"1164":0,"1165":0,"1166":1,"1167":0,"1168":0,"1169":0,"1170":0,"1171":1,"1172":0,"1173":0,"1174":0,"1175":0,"1176":1,"1177":0,"1178":0,"1179":0,"1180":0,"1181":0,"1182":1,"1183":0,"1184":0,"1185":0,"1186":0,"1187":0,"1188":0,"1189":0,"1190":0,"1191":0,"1192":0,"1193":0,"1194":0,"1195":0,"1196":0,"1197":0,"1198":0,"1199":0,"1200":0,"1201":0,"1202":1,"1203":0,"1204":0,"1205":0,"1206":0,"1207":0,"1208":0,"1209":0,"1210":1},"b":{"1":[1,0],"2":[1,0],"3":[0,1],"4":[1,0,0],"5":[0,0],"6":[1,0],"7":[0,0],"8":[0,0],"9":[0,0],"10":[0,0],"11":[0,0],"12":[0,0],"13":[0,0],"14":[0,0],"15":[0,0],"16":[0,0],"17":[0,0],"18":[0,0],"19":[0,0],"20":[0,0],"21":[0,0],"22":[0,0],"23":[0,0],"24":[0,0],"25":[0,0],"26":[0,0],"27":[0,0],"28":[0,0],"29":[0,0],"30":[0,0],"31":[0,0],"32":[0,0],"33":[0,0],"34":[0,0],"35":[0,0],"36":[0,0],"37":[0,0],"38":[0,0,0],"39":[0,0],"40":[0,0],"41":[0,0],"42":[0,0],"43":[0,0,0],"44":[0,0,0,0],"45":[0,0],"46":[0,0],"47":[0,0,0],"48":[0,0,0,0,0,0,0,0],"49":[0,0],"50":[0,0,0,0],"51":[0,0],"52":[0,0],"53":[0,0],"54":[0,0],"55":[0,0],"56":[0,0],"57":[0,0],"58":[0,0],"59":[0,0],"60":[0,0],"61":[0,0],"62":[0,0],"63":[0,0,0,0],"64":[0,0],"65":[0,0],"66":[0,0],"67":[0,0],"68":[0,0],"69":[0,0,0],"70":[0,0],"71":[0,0],"72":[0,0],"73":[0,0],"74":[0,0],"75":[0,0],"76":[0,0],"77":[0,0],"78":[0,0],"79":[0,0],"80":[0,0],"81":[0,0],"82":[0,0],"83":[0,0],"84":[0,0],"85":[0,0],"86":[0,0],"87":[0,0],"88":[0,0],"89":[0,0],"90":[0,0],"91":[0,0],"92":[0,0],"93":[0,0],"94":[0,0],"95":[0,0],"96":[0,0],"97":[0,0],"98":[0,0],"99":[0,0],"100":[0,0],"101":[0,0],"102":[0,0],"103":[0,0],"104":[0,0],"105":[0,0],"106":[0,0],"107":[0,0],"108":[0,0,0],"109":[0,0],"110":[63,2],"111":[0,0],"112":[0,0],"113":[0,0],"114":[0,0],"115":[0,0],"116":[0,0],"117":[0,0],"118":[0,0],"119":[0,0],"120":[0,0],"121":[0,0],"122":[0,0],"123":[0,0],"124":[0,0],"125":[0,0],"126":[0,0],"127":[0,0],"128":[0,0],"129":[0,0],"130":[0,0],"131":[0,0],"132":[0,0,0,0],"133":[0,0,0,0],"134":[0,0],"135":[0,0],"136":[0,0],"137":[0,0],"138":[0,0],"139":[0,0],"140":[0,0],"141":[0,0],"142":[0,0,0],"143":[0,0],"144":[0,0],"145":[0,0],"146":[0,0],"147":[0,0],"148":[0,0],"149":[0,0],"150":[0,0],"151":[0,0],"152":[0,0],"153":[0,0],"154":[0,0],"155":[0,0],"156":[0,0],"157":[0,0],"158":[0,0],"159":[0,0],"160":[0,0],"161":[0,0],"162":[0,0],"163":[0,0],"164":[0,0],"165":[0,0],"166":[0,0],"167":[0,0],"168":[0,0],"169":[0,0],"170":[0,0],"171":[0,0],"172":[0,0],"173":[0,0],"174":[0,0],"175":[0,0],"176":[0,0],"177":[0,0],"178":[0,0],"179":[0,0],"180":[0,0],"181":[0,0],"182":[0,0],"183":[0,0],"184":[0,0],"185":[0,0],"186":[0,0],"187":[0,0],"188":[0,0],"189":[0,0],"190":[0,0],"191":[0,0],"192":[0,0],"193":[0,0],"194":[0,0],"195":[0,0],"196":[0,0],"197":[0,0],"198":[0,0],"199":[0,0],"200":[0,0],"201":[0,0],"202":[0,0],"203":[0,0],"204":[0,0],"205":[0,0],"206":[0,0],"207":[0,0],"208":[0,0],"209":[0,0],"210":[0,0],"211":[0,0],"212":[0,0],"213":[0,0],"214":[0,0],"215":[0,0],"216":[0,0],"217":[0,0],"218":[0,0],"219":[0,0],"220":[0,0],"221":[0,0],"222":[0,0],"223":[0,0],"224":[0,0],"225":[0,0],"226":[0,0],"227":[0,0],"228":[0,0,0],"229":[0,0],"230":[0,0],"231":[0,0],"232":[0,0],"233":[0,0,0,0],"234":[0,0],"235":[0,0],"236":[0,0],"237":[0,0],"238":[0,0,0],"239":[0,0],"240":[0,0],"241":[0,0],"242":[0,0],"243":[0,0],"244":[0,0],"245":[0,0],"246":[0,0,0,0],"247":[0,0],"248":[0,0],"249":[0,0],"250":[0,0],"251":[0,0],"252":[0,0],"253":[0,0],"254":[0,0],"255":[0,0],"256":[0,0],"257":[0,0],"258":[0,0],"259":[0,0],"260":[0,0],"261":[0,0],"262":[0,0],"263":[0,0,0,0],"264":[0,0],"265":[0,0],"266":[0,0],"267":[0,0],"268":[0,0],"269":[0,0],"270":[0,0],"271":[0,0],"272":[0,0],"273":[0,0],"274":[0,0],"275":[0,0],"276":[0,0],"277":[0,0],"278":[0,0],"279":[0,0],"280":[0,0,0,0],"281":[0,0],"282":[0,0],"283":[0,0],"284":[0,0],"285":[0,0],"286":[0,0],"287":[0,0],"288":[0,0],"289":[0,0],"290":[0,0],"291":[0,0],"292":[0,0],"293":[0,0],"294":[0,0],"295":[0,0],"296":[0,0],"297":[0,0],"298":[0,0],"299":[0,0],"300":[0,0],"301":[0,0],"302":[0,0],"303":[0,0],"304":[0,0],"305":[0,0],"306":[0,0],"307":[0,0],"308":[0,0],"309":[0,0],"310":[0,0,0],"311":[0,0],"312":[0,0],"313":[0,0],"314":[0,0],"315":[0,0],"316":[0,0],"317":[0,0],"318":[0,0],"319":[0,0],"320":[0,0],"321":[0,0],"322":[0,0],"323":[0,0],"324":[0,0],"325":[0,0],"326":[0,0],"327":[0,0],"328":[0,0],"329":[0,0],"330":[0,1],"331":[0,0],"332":[0,0]},"f":{"1":0,"2":0,"3":0,"4":0,"5":0,"6":0,"7":0,"8":0,"9":0,"10":0,"11":0,"12":0,"13":0,"14":0,"15":0,"16":0,"17":0,"18":0,"19":0,"20":0,"21":0,"22":0,"23":0,"24":0,"25":0,"26":0,"27":0,"28":0,"29":0,"30":0,"31":0,"32":0,"33":0,"34":0,"35":0,"36":0,"37":0,"38":0,"39":0,"40":0,"41":0,"42":0,"43":0,"44":0,"45":0,"46":0,"47":0,"48":0,"49":0,"50":0,"51":0,"52":0,"53":0,"54":0,"55":0,"56":0,"57":0,"58":0,"59":0,"60":0,"61":0,"62":0,"63":0,"64":0,"65":0,"66":0,"67":0,"68":0,"69":0,"70":0,"71":0,"72":0,"73":0,"74":0,"75":0,"76":0,"77":0,"78":0,"79":0,"80":0,"81":0,"82":0,"83":0,"84":0,"85":0,"86":0,"87":0,"88":0,"89":0,"90":0,"91":0,"92":0,"93":0,"94":0,"95":0,"96":0,"97":0,"98":0,"99":0,"100":0,"101":0,"102":0,"103":0,"104":0,"105":0,"106":0,"107":0,"108":0,"109":0,"110":0,"111":0,"112":0,"113":0,"114":0,"115":0,"116":0,"117":0,"118":0,"119":0},"fnMap":{"1":{"name":"(anonymous_1)","line":23,"loc":{"start":{"line":23,"column":22},"end":{"line":23,"column":40}}},"2":{"name":"(anonymous_2)","line":27,"loc":{"start":{"line":27,"column":25},"end":{"line":27,"column":36}}},"3":{"name":"(anonymous_3)","line":38,"loc":{"start":{"line":38,"column":26},"end":{"line":38,"column":38}}},"4":{"name":"log","line":55,"loc":{"start":{"line":55,"column":0},"end":{"line":55,"column":18}}},"5":{"name":"clear","line":61,"loc":{"start":{"line":61,"column":0},"end":{"line":61,"column":17}}},"6":{"name":"noop","line":70,"loc":{"start":{"line":70,"column":0},"end":{"line":70,"column":15}}},"7":{"name":"isNodePattern","line":74,"loc":{"start":{"line":74,"column":0},"end":{"line":74,"column":27}}},"8":{"name":"throwError","line":81,"loc":{"start":{"line":81,"column":0},"end":{"line":81,"column":31}}},"9":{"name":"Jimp","line":112,"loc":{"start":{"line":112,"column":0},"end":{"line":112,"column":16}}},"10":{"name":"(anonymous_10)","line":149,"loc":{"start":{"line":149,"column":75},"end":{"line":149,"column":96}}},"11":{"name":"(anonymous_11)","line":178,"loc":{"start":{"line":178,"column":21},"end":{"line":178,"column":52}}},"12":{"name":"(anonymous_12)","line":197,"loc":{"start":{"line":197,"column":30},"end":{"line":197,"column":51}}},"13":{"name":"(anonymous_13)","line":198,"loc":{"start":{"line":198,"column":30},"end":{"line":198,"column":51}}},"14":{"name":"(anonymous_14)","line":228,"loc":{"start":{"line":228,"column":12},"end":{"line":228,"column":30}}},"15":{"name":"(anonymous_15)","line":230,"loc":{"start":{"line":230,"column":8},"end":{"line":230,"column":34}}},"16":{"name":"(anonymous_16)","line":231,"loc":{"start":{"line":231,"column":23},"end":{"line":231,"column":44}}},"17":{"name":"getMIMEFromBuffer","line":245,"loc":{"start":{"line":245,"column":0},"end":{"line":245,"column":41}}},"18":{"name":"getMIMEFromPath","line":261,"loc":{"start":{"line":261,"column":0},"end":{"line":261,"column":35}}},"19":{"name":"(anonymous_19)","line":262,"loc":{"start":{"line":262,"column":28},"end":{"line":262,"column":51}}},"20":{"name":"parseBitmap","line":275,"loc":{"start":{"line":275,"column":0},"end":{"line":275,"column":37}}},"21":{"name":"(anonymous_21)","line":282,"loc":{"start":{"line":282,"column":28},"end":{"line":282,"column":48}}},"22":{"name":"exifRotate","line":317,"loc":{"start":{"line":317,"column":0},"end":{"line":317,"column":35}}},"23":{"name":"(anonymous_23)","line":406,"loc":{"start":{"line":406,"column":17},"end":{"line":406,"column":41}}},"24":{"name":"(anonymous_24)","line":430,"loc":{"start":{"line":430,"column":17},"end":{"line":430,"column":32}}},"25":{"name":"(anonymous_25)","line":450,"loc":{"start":{"line":450,"column":16},"end":{"line":450,"column":28}}},"26":{"name":"(anonymous_26)","line":464,"loc":{"start":{"line":464,"column":12},"end":{"line":464,"column":45}}},"27":{"name":"(anonymous_27)","line":508,"loc":{"start":{"line":508,"column":16},"end":{"line":508,"column":38}}},"28":{"name":"(anonymous_28)","line":543,"loc":{"start":{"line":543,"column":23},"end":{"line":543,"column":37}}},"29":{"name":"(anonymous_29)","line":556,"loc":{"start":{"line":556,"column":25},"end":{"line":556,"column":42}}},"30":{"name":"(anonymous_30)","line":574,"loc":{"start":{"line":574,"column":30},"end":{"line":574,"column":47}}},"31":{"name":"(anonymous_31)","line":592,"loc":{"start":{"line":592,"column":33},"end":{"line":592,"column":50}}},"32":{"name":"(anonymous_32)","line":610,"loc":{"start":{"line":610,"column":28},"end":{"line":610,"column":45}}},"33":{"name":"(anonymous_33)","line":628,"loc":{"start":{"line":628,"column":22},"end":{"line":628,"column":42}}},"34":{"name":"(anonymous_34)","line":644,"loc":{"start":{"line":644,"column":28},"end":{"line":644,"column":47}}},"35":{"name":"(anonymous_35)","line":665,"loc":{"start":{"line":665,"column":22},"end":{"line":665,"column":51}}},"36":{"name":"(anonymous_36)","line":697,"loc":{"start":{"line":697,"column":31},"end":{"line":697,"column":51}}},"37":{"name":"(anonymous_37)","line":722,"loc":{"start":{"line":722,"column":63},"end":{"line":722,"column":83}}},"38":{"name":"(anonymous_38)","line":744,"loc":{"start":{"line":744,"column":63},"end":{"line":744,"column":88}}},"39":{"name":"(anonymous_39)","line":773,"loc":{"start":{"line":773,"column":22},"end":{"line":773,"column":40}}},"40":{"name":"(anonymous_40)","line":805,"loc":{"start":{"line":805,"column":22},"end":{"line":805,"column":48}}},"41":{"name":"(anonymous_41)","line":819,"loc":{"start":{"line":819,"column":26},"end":{"line":819,"column":47}}},"42":{"name":"(anonymous_42)","line":842,"loc":{"start":{"line":842,"column":26},"end":{"line":842,"column":37}}},"43":{"name":"(anonymous_43)","line":1017,"loc":{"start":{"line":1017,"column":22},"end":{"line":1017,"column":71}}},"44":{"name":"(anonymous_44)","line":1050,"loc":{"start":{"line":1050,"column":37},"end":{"line":1050,"column":59}}},"45":{"name":"(anonymous_45)","line":1070,"loc":{"start":{"line":1070,"column":22},"end":{"line":1070,"column":47}}},"46":{"name":"(anonymous_46)","line":1081,"loc":{"start":{"line":1081,"column":56},"end":{"line":1081,"column":78}}},"47":{"name":"(anonymous_47)","line":1099,"loc":{"start":{"line":1099,"column":27},"end":{"line":1099,"column":52}}},"48":{"name":"(anonymous_48)","line":1110,"loc":{"start":{"line":1110,"column":56},"end":{"line":1110,"column":78}}},"49":{"name":"(anonymous_49)","line":1150,"loc":{"start":{"line":1150,"column":28},"end":{"line":1150,"column":47}}},"50":{"name":"(anonymous_50)","line":1156,"loc":{"start":{"line":1156,"column":59},"end":{"line":1156,"column":80}}},"51":{"name":"(anonymous_51)","line":1178,"loc":{"start":{"line":1178,"column":26},"end":{"line":1178,"column":45}}},"52":{"name":"adjust","line":1184,"loc":{"start":{"line":1184,"column":4},"end":{"line":1184,"column":27}}},"53":{"name":"(anonymous_53)","line":1198,"loc":{"start":{"line":1198,"column":59},"end":{"line":1198,"column":80}}},"54":{"name":"(anonymous_54)","line":1215,"loc":{"start":{"line":1215,"column":27},"end":{"line":1215,"column":44}}},"55":{"name":"(anonymous_55)","line":1221,"loc":{"start":{"line":1221,"column":59},"end":{"line":1221,"column":80}}},"56":{"name":"histogram","line":1235,"loc":{"start":{"line":1235,"column":0},"end":{"line":1235,"column":21}}},"57":{"name":"(anonymous_57)","line":1242,"loc":{"start":{"line":1242,"column":59},"end":{"line":1242,"column":80}}},"58":{"name":"(anonymous_58)","line":1256,"loc":{"start":{"line":1256,"column":27},"end":{"line":1256,"column":41}}},"59":{"name":"(anonymous_59)","line":1266,"loc":{"start":{"line":1266,"column":20},"end":{"line":1266,"column":47}}},"60":{"name":"(anonymous_60)","line":1270,"loc":{"start":{"line":1270,"column":20},"end":{"line":1270,"column":48}}},"61":{"name":"(anonymous_61)","line":1272,"loc":{"start":{"line":1272,"column":39},"end":{"line":1272,"column":55}}},"62":{"name":"(anonymous_62)","line":1275,"loc":{"start":{"line":1275,"column":63},"end":{"line":1275,"column":79}}},"63":{"name":"(anonymous_63)","line":1289,"loc":{"start":{"line":1289,"column":59},"end":{"line":1289,"column":80}}},"64":{"name":"(anonymous_64)","line":1309,"loc":{"start":{"line":1309,"column":24},"end":{"line":1309,"column":38}}},"65":{"name":"(anonymous_65)","line":1310,"loc":{"start":{"line":1310,"column":59},"end":{"line":1310,"column":80}}},"66":{"name":"(anonymous_66)","line":1327,"loc":{"start":{"line":1327,"column":46},"end":{"line":1327,"column":82}}},"67":{"name":"(anonymous_67)","line":1332,"loc":{"start":{"line":1332,"column":59},"end":{"line":1332,"column":80}}},"68":{"name":"(anonymous_68)","line":1353,"loc":{"start":{"line":1353,"column":26},"end":{"line":1353,"column":43}}},"69":{"name":"(anonymous_69)","line":1436,"loc":{"start":{"line":1436,"column":22},"end":{"line":1436,"column":39}}},"70":{"name":"(anonymous_70)","line":1557,"loc":{"start":{"line":1557,"column":27},"end":{"line":1557,"column":41}}},"71":{"name":"(anonymous_71)","line":1558,"loc":{"start":{"line":1558,"column":59},"end":{"line":1558,"column":80}}},"72":{"name":"(anonymous_72)","line":1577,"loc":{"start":{"line":1577,"column":23},"end":{"line":1577,"column":37}}},"73":{"name":"(anonymous_73)","line":1578,"loc":{"start":{"line":1578,"column":59},"end":{"line":1578,"column":80}}},"74":{"name":"(anonymous_74)","line":1601,"loc":{"start":{"line":1601,"column":25},"end":{"line":1601,"column":42}}},"75":{"name":"(anonymous_75)","line":1607,"loc":{"start":{"line":1607,"column":59},"end":{"line":1607,"column":80}}},"76":{"name":"(anonymous_76)","line":1622,"loc":{"start":{"line":1622,"column":22},"end":{"line":1622,"column":39}}},"77":{"name":"(anonymous_77)","line":1640,"loc":{"start":{"line":1640,"column":24},"end":{"line":1640,"column":38}}},"78":{"name":"(anonymous_78)","line":1641,"loc":{"start":{"line":1641,"column":59},"end":{"line":1641,"column":80}}},"79":{"name":"(anonymous_79)","line":1657,"loc":{"start":{"line":1657,"column":24},"end":{"line":1657,"column":50}}},"80":{"name":"(anonymous_80)","line":1686,"loc":{"start":{"line":1686,"column":89},"end":{"line":1686,"column":107}}},"81":{"name":"(anonymous_81)","line":1707,"loc":{"start":{"line":1707,"column":23},"end":{"line":1707,"column":60}}},"82":{"name":"(anonymous_82)","line":1749,"loc":{"start":{"line":1749,"column":25},"end":{"line":1749,"column":62}}},"83":{"name":"(anonymous_83)","line":1786,"loc":{"start":{"line":1786,"column":59},"end":{"line":1786,"column":80}}},"84":{"name":"(anonymous_84)","line":1802,"loc":{"start":{"line":1802,"column":23},"end":{"line":1802,"column":46}}},"85":{"name":"(anonymous_85)","line":1829,"loc":{"start":{"line":1829,"column":28},"end":{"line":1829,"column":54}}},"86":{"name":"simpleRotate","line":1851,"loc":{"start":{"line":1851,"column":0},"end":{"line":1851,"column":27}}},"87":{"name":"advancedRotate","line":1884,"loc":{"start":{"line":1884,"column":0},"end":{"line":1884,"column":35}}},"88":{"name":"(anonymous_88)","line":1899,"loc":{"start":{"line":1899,"column":63},"end":{"line":1899,"column":84}}},"89":{"name":"createTranslationFunction","line":1911,"loc":{"start":{"line":1911,"column":4},"end":{"line":1911,"column":55}}},"90":{"name":"(anonymous_90)","line":1912,"loc":{"start":{"line":1912,"column":15},"end":{"line":1912,"column":30}}},"91":{"name":"(anonymous_91)","line":1961,"loc":{"start":{"line":1961,"column":24},"end":{"line":1961,"column":49}}},"92":{"name":"(anonymous_92)","line":1994,"loc":{"start":{"line":1994,"column":27},"end":{"line":1994,"column":47}}},"93":{"name":"(anonymous_93)","line":2021,"loc":{"start":{"line":2021,"column":39},"end":{"line":2021,"column":62}}},"94":{"name":"compositeBitmapOverBackground","line":2043,"loc":{"start":{"line":2043,"column":0},"end":{"line":2043,"column":45}}},"95":{"name":"(anonymous_95)","line":2053,"loc":{"start":{"line":2053,"column":27},"end":{"line":2053,"column":47}}},"96":{"name":"(anonymous_96)","line":2063,"loc":{"start":{"line":2063,"column":25},"end":{"line":2063,"column":45}}},"97":{"name":"(anonymous_97)","line":2076,"loc":{"start":{"line":2076,"column":27},"end":{"line":2076,"column":41}}},"98":{"name":"(anonymous_98)","line":2083,"loc":{"start":{"line":2083,"column":59},"end":{"line":2083,"column":80}}},"99":{"name":"(anonymous_99)","line":2105,"loc":{"start":{"line":2105,"column":47},"end":{"line":2105,"column":70}}},"100":{"name":"(anonymous_100)","line":2110,"loc":{"start":{"line":2110,"column":59},"end":{"line":2110,"column":80}}},"101":{"name":"(anonymous_101)","line":2113,"loc":{"start":{"line":2113,"column":28},"end":{"line":2113,"column":49}}},"102":{"name":"(anonymous_102)","line":2119,"loc":{"start":{"line":2119,"column":24},"end":{"line":2119,"column":42}}},"103":{"name":"(anonymous_103)","line":2165,"loc":{"start":{"line":2165,"column":16},"end":{"line":2165,"column":36}}},"104":{"name":"(anonymous_104)","line":2171,"loc":{"start":{"line":2171,"column":23},"end":{"line":2171,"column":50}}},"105":{"name":"(anonymous_105)","line":2172,"loc":{"start":{"line":2172,"column":19},"end":{"line":2172,"column":39}}},"106":{"name":"(anonymous_106)","line":2177,"loc":{"start":{"line":2177,"column":21},"end":{"line":2177,"column":41}}},"107":{"name":"(anonymous_107)","line":2192,"loc":{"start":{"line":2192,"column":59},"end":{"line":2192,"column":76}}},"108":{"name":"loadPages","line":2205,"loc":{"start":{"line":2205,"column":0},"end":{"line":2205,"column":31}}},"109":{"name":"(anonymous_109)","line":2206,"loc":{"start":{"line":2206,"column":27},"end":{"line":2206,"column":43}}},"110":{"name":"(anonymous_110)","line":2223,"loc":{"start":{"line":2223,"column":23},"end":{"line":2223,"column":65}}},"111":{"name":"printText","line":2263,"loc":{"start":{"line":2263,"column":0},"end":{"line":2263,"column":37}}},"112":{"name":"drawCharacter","line":2272,"loc":{"start":{"line":2272,"column":0},"end":{"line":2272,"column":48}}},"113":{"name":"measureText","line":2280,"loc":{"start":{"line":2280,"column":0},"end":{"line":2280,"column":33}}},"114":{"name":"(anonymous_114)","line":2298,"loc":{"start":{"line":2298,"column":23},"end":{"line":2298,"column":43}}},"115":{"name":"(anonymous_115)","line":2301,"loc":{"start":{"line":2301,"column":39},"end":{"line":2301,"column":51}}},"116":{"name":"(anonymous_116)","line":2308,"loc":{"start":{"line":2308,"column":25},"end":{"line":2308,"column":47}}},"117":{"name":"(anonymous_117)","line":2311,"loc":{"start":{"line":2311,"column":26},"end":{"line":2311,"column":39}}},"118":{"name":"(anonymous_118)","line":2314,"loc":{"start":{"line":2314,"column":23},"end":{"line":2314,"column":37}}},"119":{"name":"(anonymous_119)","line":2317,"loc":{"start":{"line":2317,"column":28},"end":{"line":2317,"column":41}}}},"statementMap":{"1":{"start":{"line":1,"column":0},"end":{"line":1,"column":66}},"2":{"start":{"line":1,"column":43},"end":{"line":1,"column":66}},"3":{"start":{"line":2,"column":0},"end":{"line":2,"column":31}},"4":{"start":{"line":3,"column":0},"end":{"line":3,"column":30}},"5":{"start":{"line":4,"column":0},"end":{"line":4,"column":28}},"6":{"start":{"line":5,"column":0},"end":{"line":5,"column":27}},"7":{"start":{"line":6,"column":0},"end":{"line":6,"column":38}},"8":{"start":{"line":7,"column":0},"end":{"line":7,"column":36}},"9":{"start":{"line":8,"column":0},"end":{"line":8,"column":38}},"10":{"start":{"line":9,"column":0},"end":{"line":9,"column":49}},"11":{"start":{"line":10,"column":0},"end":{"line":10,"column":38}},"12":{"start":{"line":11,"column":0},"end":{"line":11,"column":36}},"13":{"start":{"line":12,"column":0},"end":{"line":12,"column":39}},"14":{"start":{"line":13,"column":0},"end":{"line":13,"column":40}},"15":{"start":{"line":14,"column":0},"end":{"line":14,"column":39}},"16":{"start":{"line":15,"column":0},"end":{"line":15,"column":40}},"17":{"start":{"line":16,"column":0},"end":{"line":16,"column":36}},"18":{"start":{"line":17,"column":0},"end":{"line":17,"column":36}},"19":{"start":{"line":18,"column":0},"end":{"line":18,"column":27}},"20":{"start":{"line":20,"column":0},"end":{"line":46,"column":1}},"21":{"start":{"line":22,"column":4},"end":{"line":45,"column":5}},"22":{"start":{"line":23,"column":8},"end":{"line":42,"column":10}},"23":{"start":{"line":24,"column":12},"end":{"line":24,"column":43}},"24":{"start":{"line":25,"column":12},"end":{"line":25,"column":41}},"25":{"start":{"line":26,"column":12},"end":{"line":26,"column":45}},"26":{"start":{"line":27,"column":12},"end":{"line":37,"column":14}},"27":{"start":{"line":28,"column":16},"end":{"line":36,"column":71}},"28":{"start":{"line":29,"column":20},"end":{"line":33,"column":21}},"29":{"start":{"line":30,"column":24},"end":{"line":30,"column":62}},"30":{"start":{"line":32,"column":24},"end":{"line":32,"column":74}},"31":{"start":{"line":34,"column":20},"end":{"line":34,"column":40}},"32":{"start":{"line":36,"column":21},"end":{"line":36,"column":71}},"33":{"start":{"line":38,"column":12},"end":{"line":40,"column":14}},"34":{"start":{"line":39,"column":16},"end":{"line":39,"column":22}},"35":{"start":{"line":41,"column":12},"end":{"line":41,"column":23}},"36":{"start":{"line":44,"column":8},"end":{"line":44,"column":70}},"37":{"start":{"line":49,"column":0},"end":{"line":49,"column":63}},"38":{"start":{"line":53,"column":0},"end":{"line":53,"column":14}},"39":{"start":{"line":55,"column":0},"end":{"line":59,"column":1}},"40":{"start":{"line":56,"column":4},"end":{"line":56,"column":12}},"41":{"start":{"line":57,"column":4},"end":{"line":57,"column":30}},"42":{"start":{"line":58,"column":4},"end":{"line":58,"column":23}},"43":{"start":{"line":61,"column":0},"end":{"line":65,"column":1}},"44":{"start":{"line":62,"column":4},"end":{"line":64,"column":5}},"45":{"start":{"line":63,"column":8},"end":{"line":63,"column":35}},"46":{"start":{"line":67,"column":0},"end":{"line":67,"column":26}},"47":{"start":{"line":70,"column":0},"end":{"line":70,"column":17}},"48":{"start":{"line":74,"column":0},"end":{"line":79,"column":1}},"49":{"start":{"line":75,"column":4},"end":{"line":75,"column":47}},"50":{"start":{"line":75,"column":34},"end":{"line":75,"column":47}},"51":{"start":{"line":76,"column":4},"end":{"line":77,"column":55}},"52":{"start":{"line":77,"column":8},"end":{"line":77,"column":55}},"53":{"start":{"line":78,"column":4},"end":{"line":78,"column":16}},"54":{"start":{"line":81,"column":0},"end":{"line":
[...]
t2 and height of src","        var buf1 = new Buffer(wDst2 * hSrc * 4);","        for (var i = 0; i < hSrc; i++) {","            for (var j = 0; j < wDst2; j++) {","                // i in src coords, j in dst coords","                ","                // calculate x in src coords","                // this interpolation requires 4 sample points and the two inner ones must be real","                // the outer points can be fudged for the edges.","                // therefore (wSrc-1)/wDst2","                var x = j * (wSrc-1) / wDst2;","                var xPos = Math.floor(x);","                var t = x - xPos;","                var srcPos = (i * wSrc + xPos) * 4;","                ","                var buf1Pos = (i * wDst2 + j) * 4;","                for (var k = 0; k < 4; k++) {","                    var kPos = srcPos + k;","                    var x0 = (xPos > 0) ? bufSrc[kPos - 4] : 2*bufSrc[kPos]-bufSrc[kPos+4];","                    var x1 = bufSrc[kPos];","                    var x2 = bufSrc[kPos + 4];","                    var x3 = (xPos < wSrc - 2) ? bufSrc[kPos + 8] : 2*bufSrc[kPos + 4]-bufSrc[kPos];","                    buf1[buf1Pos+k] = interpolate(x0,x1,x2,x3,t);","                }","            }","        }","        //this._writeFile(wDst2, hSrc, buf1, \"out/buf1.jpg\");","        ","        // ===========================================================","        // Pass 2 - interpolate columns","        // buf2 has width and height of dst2","        var buf2 = new Buffer(wDst2 * hDst2 * 4);","        for (var i = 0; i < hDst2; i++) {","            for (var j = 0; j < wDst2; j++) {","                // i&j in dst2 coords","                ","                // calculate y in buf1 coords","                // this interpolation requires 4 sample points and the two inner ones must be real","                // the outer points can be fudged for the edges.","                // therefore (hSrc-1)/hDst2","                var y = i * (hSrc-1) / hDst2;","                var yPos = Math.floor(y);","                var t = y - yPos;","                var buf1Pos = (yPos * wDst2 + j) * 4;","                var buf2Pos = (i * wDst2 + j) * 4;","                for (var k = 0; k < 4; k++) {","                    var kPos = buf1Pos + k;","                    var y0 = (yPos > 0) ? buf1[kPos - wDst2*4] : 2*buf1[kPos]-buf1[kPos + wDst2*4];","                    var y1 = buf1[kPos];","                    var y2 = buf1[kPos + wDst2*4];","                    var y3 = (yPos < hSrc-2) ? buf1[kPos + wDst2*8] : 2*buf1[kPos + wDst2*4]-buf1[kPos];","                    ","                    buf2[buf2Pos + k] = interpolate(y0,y1,y2,y3,t);","                }","            }","        }","        //this._writeFile(wDst2, hDst2, buf2, \"out/buf2.jpg\");","        ","        // ===========================================================","        // Pass 3 - scale to dst","        var m = wM * hM;","        if (m > 1) {","            for (var i = 0; i < hDst; i++) {","                for (var j = 0; j < wDst; j++) {","                    // i&j in dst bounded coords","                    var r = 0;","                    var g = 0;","                    var b = 0;","                    var a = 0;","                    for (var y = 0; y < hM; y++) {","                        var yPos = i * hM + y;","                        for (var x = 0; x < wM; x++) {","                            var xPos = j * wM + x;","                            var xyPos = (yPos * wDst2 + xPos) * 4;","                            r += buf2[xyPos];","                            g += buf2[xyPos+1];","                            b += buf2[xyPos+2];","                            a += buf2[xyPos+3];","                        }","                    }","                    ","                    var pos = (i*wDst + j) * 4;","                    bufDst[pos]   = Math.round(r / m);","                    bufDst[pos+1] = Math.round(g / m);","                    bufDst[pos+2] = Math.round(b / m);","                    bufDst[pos+3] = Math.round(a / m);","                }","            }","        } else {","            // replace dst buffer with buf2","            dst.data = buf2;","        }","    },","    ","    bicubicInterpolation: function(src, dst, options) {","        var interpolateCubic = function(x0, x1, x2, x3, t) {","            var a0 = x3 - x2 - x0 + x1;","            var a1 = x0 - x1 - a0;","            var a2 = x2 - x0;","            var a3 = x1;","            return Math.max(0,Math.min(255,(a0 * (t * t * t)) + (a1 * (t * t)) + (a2 * t) + (a3)));","        }","        return this._interpolate2D(src, dst, options, interpolateCubic);","    },","    ","    hermiteInterpolation: function(src, dst, options) {","        var interpolateHermite = function(x0, x1, x2, x3, t)","        {","            var c0 = x1;","            var c1 = 0.5 * (x2 - x0);","            var c2 = x0 - (2.5 * x1) + (2 * x2) - (0.5 * x3);","            var c3 = (0.5 * (x3 - x0)) + (1.5 * (x1 - x2));","            return  Math.max(0,Math.min(255,Math.round((((((c3 * t) + c2) * t) + c1) * t) + c0)));","        }","        return this._interpolate2D(src, dst, options, interpolateHermite);","    },","    ","    bezierInterpolation: function(src, dst, options) {","        // between 2 points y(n), y(n+1), use next points out, y(n-1), y(n+2)","        // to predict control points (a & b) to be placed at n+0.5","        //  ya(n) = y(n) + (y(n+1)-y(n-1))/4","        //  yb(n) = y(n+1) - (y(n+2)-y(n))/4","        // then use std bezier to interpolate [n,n+1)","        //  y(n+t) = y(n)*(1-t)^3 + 3 * ya(n)*(1-t)^2*t + 3 * yb(n)*(1-t)*t^2 + y(n+1)*t^3","        //  note the 3* factor for the two control points","        // for edge cases, can choose:","        //  y(-1) = y(0) - 2*(y(1)-y(0))","        //  y(w) = y(w-1) + 2*(y(w-1)-y(w-2))","        // but can go with y(-1) = y(0) and y(w) = y(w-1)","        var interpolateBezier = function(x0, x1, x2, x3, t) {","            // x1, x2 are the knots, use x0 and x3 to calculate control points","            var cp1 = x1 + (x2-x0)/4;","            var cp2 = x2 - (x3-x1)/4;","            var nt = 1-t;","            var c0 =      x1 * nt * nt * nt;","            var c1 = 3 * cp1 * nt * nt *  t;","            var c2 = 3 * cp2 * nt *  t *  t;","            var c3 =      x2 *  t *  t *  t;","            return Math.max(0,Math.min(255,Math.round(c0 + c1 + c2 + c3)));","        }","        return this._interpolate2D(src, dst, options, interpolateBezier);","    }","}"],"l":{"25":1,"28":0,"29":0,"32":0,"33":0,"36":0,"37":0,"39":0,"40":0,"41":0,"43":0,"44":0,"45":0,"47":0,"48":0,"49":0,"50":0,"56":0,"57":0,"60":0,"61":0,"64":0,"65":0,"67":0,"69":0,"70":0,"73":0,"75":0,"76":0,"77":0,"78":0,"81":0,"82":0,"84":0,"85":0,"86":0,"88":0,"92":0,"93":0,"94":0,"97":0,"98":0,"99":0,"101":0,"102":0,"103":0,"105":0,"106":0,"107":0,"108":0,"115":0,"116":0,"118":0,"119":0,"122":0,"123":0,"127":0,"128":0,"129":0,"130":0,"136":0,"137":0,"138":0,"145":0,"146":0,"147":0,"148":0,"150":0,"151":0,"152":0,"153":0,"154":0,"155":0,"156":0,"157":0,"166":0,"167":0,"168":0,"175":0,"176":0,"177":0,"178":0,"179":0,"180":0,"181":0,"182":0,"183":0,"184":0,"185":0,"187":0,"195":0,"196":0,"197":0,"198":0,"200":0,"201":0,"202":0,"203":0,"204":0,"205":0,"206":0,"207":0,"208":0,"209":0,"210":0,"211":0,"212":0,"216":0,"217":0,"218":0,"219":0,"220":0,"225":0,"230":0,"231":0,"232":0,"233":0,"234":0,"235":0,"237":0,"241":0,"243":0,"244":0,"245":0,"246":0,"247":0,"249":0,"264":0,"266":0,"267":0,"268":0,"269":0,"270":0,"271":0,"272":0,"273":0,"275":0}},"/home/travis/build/npmtest/node-npmtest-jimp/jimp/phash.js":{"path":"/home/travis/build/npmtest/node-npmtest-jimp/jimp/phash.js","s":{"1":1,"2":0,"3":0,"4":0,"5":1,"6":1,"7":1,"8":0,"9":0,"10":0,"11":0,"12":0,"13":1,"14":0,"15":0,"16":0,"17":0,"18":0,"19":0,"20":0,"21":0,"22":0,"23":0,"24":0,"25":0,"26":0,"27":0,"28":0,"29":0,"30":0,"31":0,"32":0,"33":1,"34":0,"35":0,"36":0,"37":0,"38":0,"39":0,"40":1,"41":1,"42":0,"43":0,"44":0,"45":1,"46":0,"47":0,"48":0,"49":0,"50":0,"51":0,"52":0,"53":0,"54":0,"55":0,"56":0,"57":0,"58":1},"b":{"1":[0,0],"2":[0,0],"3":[0,0],"4":[0,0]},"f":{"1":0,"2":0,"3":0,"4":0,"5":0,"6":0},"fnMap":{"1":{"name":"ImagePHash","line":33,"loc":{"start":{"line":33,"column":0},"end":{"line":33,"column":39}}},"2":{"name":"(anonymous_2)","line":42,"loc":{"start":{"line":42,"column":32},"end":{"line":42,"column":49}}},"3":{"name":"(anonymous_3)","line":53,"loc":{"start":{"line":53,"column":31},"end":{"line":53,"column":45}}},"4":{"name":"intToRGBA","line":129,"loc":{"start":{"line":129,"column":0},"end":{"line":129,"column":21}}},"5":{"name":"initCoefficients","line":140,"loc":{"start":{"line":140,"column":0},"end":{"line":140,"column":32}}},"6":{"name":"applyDCT","line":147,"loc":{"start":{"line":147,"column":0},"end":{"line":147,"column":27}}}},"statementMap":{"1":{"start":{"line":33,"column":0},"end":{"line":37,"column":1}},"2":{"start":{"line":34,"column":4},"end":{"line":34,"column":34}},"3":{"start":{"line":35,"column":4},"end":{"line":35,"column":55}},"4":{"start":{"line":36,"column":4},"end":{"line":36,"column":32}},"5":{"start":{"line":39,"column":0},"end":{"line":39,"column":31}},"6":{"start":{"line":40,"column":0},"end":{"line":40,"column":37}},"7":{"start":{"line":42,"column":0},"end":{"line":50,"column":1}},"8":{"start":{"line":43,"column":4},"end":{"line":43,"column":20}},"9":{"start":{"line":44,"column":4},"end":{"line":48,"column":5}},"10":{"start":{"line":45,"column":8},"end":{"line":47,"column":9}},"11":{"start":{"line":46,"column":12},"end":{"line":46,"column":22}},"12":{"start":{"line":49,"column":4},"end":{"line":49,"column":33}},"13":{"start":{"line":53,"column":0},"end":{"line":125,"column":1}},"14":{"start":{"line":60,"column":4},"end":{"line":60,"column":51}},"15":{"start":{"line":66,"column":4},"end":{"line":66,"column":20}},"16":{"start":{"line":68,"column":4},"end":{"line":68,"column":18}},"17":{"start":{"line":70,"column":4},"end":{"line":75,"column":5}},"18":{"start":{"line":71,"column":8},"end":{"line":71,"column":21}},"19":{"start":{"line":72,"column":8},"end":{"line":74,"column":9}},"20":{"start":{"line":73,"column":12},"end":{"line":73,"column":62}},"21":{"start":{"line":82,"column":4},"end":{"line":82,"column":44}},"22":{"start":{"line":95,"column":4},"end":{"line":95,"column":18}},"23":{"start":{"line":97,"column":4},"end":{"line":101,"column":5}},"24":{"start":{"line":98,"column":8},"end":{"line":100,"column":9}},"25":{"start":{"line":99,"column":12},"end":{"line":99,"column":35}},"26":{"start":{"line":103,"column":4},"end":{"line":103,"column":60}},"27":{"start":{"line":115,"column":4},"end":{"line":115,"column":18}},"28":{"start":{"line":117,"column":1},"end":{"line":117,"column":15}},"29":{"start":{"line":118,"column":4},"end":{"line":122,"column":5}},"30":{"start":{"line":119,"column":8},"end":{"line":121,"column":9}},"31":{"start":{"line":120,"column":12},"end":{"line":120,"column":50}},"32":{"start":{"line":124,"column":4},"end":{"line":124,"column":16}},"33":{"start":{"line":129,"column":0},"end":{"line":137,"column":1}},"34":{"start":{"line":130,"column":4},"end":{"line":130,"column":17}},"35":{"start":{"line":131,"column":4},"end":{"line":131,"column":46}},"36":{"start":{"line":132,"column":4},"end":{"line":132,"column":78}},"37":{"start":{"line":133,"column":4},"end":{"line":133,"column":108}},"38":{"start":{"line":134,"column":4},"end":{"line":134,"column":138}},"39":{"start":{"line":136,"column":4},"end":{"line":136,"column":16}},"40":{"start":{"line":139,"column":0},"end":{"line":139,"column":11}},"41":{"start":{"line":140,"column":0},"end":{"line":145,"column":1}},"42":{"start":{"line":141,"column":4},"end":{"line":143,"column":5}},"43":{"start":{"line":142,"column":8},"end":{"line":142,"column":15}},"44":{"start":{"line":144,"column":4},"end":{"line":144,"column":26}},"45":{"start":{"line":147,"column":0},"end":{"line":165,"column":1}},"46":{"start":{"line":148,"column":4},"end":{"line":148,"column":17}},"47":{"start":{"line":150,"column":4},"end":{"line":150,"column":15}},"48":{"start":{"line":151,"column":4},"end":{"line":163,"column":5}},"49":{"start":{"line":152,"column":6},"end":{"line":152,"column":16}},"50":{"start":{"line":153,"column":6},"end":{"line":162,"column":7}},"51":{"start":{"line":154,"column":8},"end":{"line":154,"column":20}},"52":{"start":{"line":155,"column":8},"end":{"line":159,"column":9}},"53":{"start":{"line":156,"column":10},"end":{"line":158,"column":11}},"54":{"start":{"line":157,"column":12},"end":{"line":157,"column":103}},"55":{"start":{"line":160,"column":8},"end":{"line":160,"column":29}},"56":{"start":{"line":161,"column":8},"end":{"line":161,"column":22}},"57":{"start":{"line":164,"column":4},"end":{"line":164,"column":13}},"58":{"start":{"line":167,"column":0},"end":{"line":167,"column":28}}},"branchMap":{"1":{"line":34,"type":"binary-expr","locations":[{"start":{"line":34,"column":16},"end":{"line":34,"column":25}},{"start":{"line":34,"column":29},"end":{"line":34,"column":33}}]},"2":{"line":35,"type":"binary-expr","locations":[{"start":{"line":35,"column":23},"end":{"line":35,"column":39}},{"start":{"line":35,"column":43},"end":{"line":35,"column":54}}]},"3":{"line":45,"type":"if","locations":[{"start":{"line":45,"column":8},"end":{"line":45,"column":8}},{"start":{"line":45,"column":8},"end":{"line":45,"column":8}}]},"4":{"line":120,"type":"cond-expr","locations":[{"start":{"line":120,"column":41},"end":{"line":120,"column":44}},{"start":{"line":120,"column":45},"end":{"line":120,"column":48}}]}},"code":["/*","","Copyright (c) 2011 Elliot Shepherd","","Permission is hereby granted, free of charge, to any person obtaining a copy","of this software and associated documentation files (the \"Software\"), to deal","in the Software without restriction, including without limitation the rights","to use, copy, modify, merge, publish, distribute, sublicense, and/or sell","copies of the Software, and to permit persons to whom the Software is","furnished to do so, subject to the following conditions:","","The above copyright notice and this permission notice shall be included in","all copies or substantial portions of the Software.","","THE SOFTWARE IS PROVIDED \"AS IS\", WITHOUT WARRANTY OF ANY KIND, EXPRESS OR","IMPLIED, INCLUDING BUT NOT LIMITED TO THE WARRANTIES OF MERCHANTABILITY,","FITNESS FOR A PARTICULAR PURPOSE AND NONINFRINGEMENT.  IN NO EVENT SHALL THE","AUTHORS OR COPYRIGHT HOLDERS BE LIABLE FOR ANY CLAIM, DAMAGES OR OTHER","LIABILITY, WHETHER IN AN ACTION OF CONTRACT, TORT OR OTHERWISE, ARISING FROM,","OUT OF OR IN CONNECTION WITH THE SOFTWARE OR THE USE OR OTHER DEALINGS IN","THE SOFTWARE.","","*/","","// https://code.google.com/p/ironchef-team21/source/browse/ironchef_team21/src/ImagePHash.java","","/*"," * pHash-like image hash. "," * Author: Elliot Shepherd (elliot@jarofworms.com"," * Based On: http://www.hackerfactor.com/blog/index.php?/archives/432-Looks-Like-It.html"," */","","function ImagePHash(size, smallerSize) {","    this.size = this.size || size;","    this.smallerSize = this.smallerSize || smallerSize;","    initCoefficients(this.size);","}","","ImagePHash.prototype.size = 32;","ImagePHash.prototype.smallerSize = 8;","","ImagePHash.prototype.distance = function(s1, s2) {","    var counter = 0;","    for (var k = 0; k < s1.length; k++) {","        if (s1[k] != s2[k]) {","            counter++;","        }","    }","    return (counter / s1.length);","}","","// Returns a 'binary string' (like. 001010111011100010) which is easy to do a hamming distance on. ","ImagePHash.prototype.getHash = function(img) {","    /* 1. Reduce size. ","     * Like Average Hash, pHash starts with a small image. ","     * However, the image is larger than 8x8; 32x32 is a good size. ","     * This is really done to simplify the DCT computation and not ","     * because it is needed to reduce the high frequencies.","     */","    img = img.clone().resize(this.size, this.size);","","    /* 2. Reduce color. ","     * The image is reduced to a grayscale just to further simplify ","     * the number of computations.","     */","    img.grayscale();","","    var vals = [];","","    for (var x = 0; x < img.bitmap.width; x++) {","        vals[x] = [];","        for (var y = 0; y < img.bitmap.height; y++) {","            vals[x][y] = intToRGBA(img.getPixelColor(x, y)).b;","        }","    }","","    /* 3. Compute the DCT. ","     * The DCT separates the image into a collection of frequencies ","     * and scalars. While JPEG uses an 8x8 DCT, this algorithm uses ","     * a 32x32 DCT.","     */","    var dctVals = applyDCT(vals, this.size);","","    /* 4. Reduce the DCT. ","     * This is the magic step. While the DCT is 32x32, just keep the ","     * top-left 8x8. Those represent the lowest frequencies in the ","     * picture.","     */","    /* 5. Compute the average value. ","     * Like the Average Hash, compute the mean DCT value (using only ","     * the 8x8 DCT low-frequency values and excluding the first term ","     * since the DC coefficient can be significantly different from ","     * the other values and will throw off the average).","     */","    var total = 0;","","    for (var x = 0; x < this.smallerSize; x++) {","        for (var y = 0; y < this.smallerSize; y++) {","            total += dctVals[x][y];","        }","    }","","    var avg = total / (this.smallerSize * this.smallerSize);","","    /* 6. Further reduce the DCT. ","     * This is the magic step. Set the 64 hash bits to 0 or 1 ","     * depending on whether each of the 64 DCT values is above or ","     * below the average value. The result doesn't tell us the ","     * actual low frequencies; it just tells us the very-rough ","     * relative scale of the frequencies to the mean. The result ","     * will not vary as long as the overall structure of the image ","     * remains the same; this can survive gamma and color histogram ","     * adjustments without a problem.","     */","    var hash = \"\";","","\tvar count = 0;","    for (var x = 0; x < this.smallerSize; x++) {","        for (var y = 0; y < this.smallerSize; y++) {","            hash += (dctVals[x][y] > avg?\"1\":\"0\");","        }","    }","","    return hash;","}","","// DCT function stolen from http://stackoverflow.com/questions/4240490/problems-with-dct-and-idct-algorithm-in-java","","function intToRGBA(i){","    var rgba = {}","    rgba.r = Math.floor(i / Math.pow(256, 3));","    rgba.g = Math.floor((i - (rgba.r * Math.pow(256, 3))) / Math.pow(256, 2));","    rgba.b = Math.floor((i - (rgba.r * Math.pow(256, 3)) - (rgba.g * Math.pow(256, 2))) / Math.pow(256, 1));","    rgba.a = Math.floor((i - (rgba.r * Math.pow(256, 3)) - (rgba.g * Math.pow(256, 2)) - (rgba.b * Math.pow(256, 1))) / Math.pow(256, 0));","    ","    return rgba;","}","","var c = [];","function initCoefficients(size) {","    for (var i=1;i<size;i++) {","        c[i]=1;","    }","    c[0]=1/Math.sqrt(2.0);","}","","function applyDCT(f, size) {","    var N = size;","","    var F = [];","    for (var u=0;u<N;u++) {","      F[u] = [];","      for (var v=0;v<N;v++) {","        var sum = 0;","        for (var i=0;i<N;i++) {","          for (var j=0;j<N;j++) {","            sum+=Math.cos(((2*i+1)/(2.0*N))*u*Math.PI)*Math.cos(((2*j+1)/(2.0*N))*v*Math.PI)*(f[i][j]);","          }","        }","        sum*=((c[u]*c[v])/4);","        F[u][v] = sum;","      }","    }","    return F;","}","","module.exports = ImagePHash;"],"l":{"33":1,"34":0,"35":0,"36":0,"39":1,"40":1,"42":1,"43":0,"44":0,"45":0,"46":0,"49":0,"53":1,"60":0,"66":0,"68":0,"70":0,"71":0,"72":0,"73":0,"82":0,"95":0,"97":0,"98":0,"99":0,"103":0,"115":0,"117":0,"118":0,"119":0,"120":0,"124":0,"129":1,"130":0,"131":0,"132":0,"133":0,"134":0,"136":0,"139":1,"140":1,"141":0,"142":0,"144":0,"147":1,"148":0,"150":0,"151":0,"152":0,"153":0,"154":0,"155":0,"156":0,"157":0,"160":0,"161":0,"164":0,"167":1}}}